exp: 188
--- FOLD 0 ---
TRAINL_LOOP
[TRAIN_F0], E: 1/3, S: 0000/1622, L: 9.63181, LR: 0.00001000, T: 0:00:03
[TRAIN_F0], E: 1/3, S: 0200/1622, L: 0.75006, LR: 0.00000959, T: 0:03:41
[TRAIN_F0], E: 1/3, S: 0400/1622, L: 0.56454, LR: 0.00000918, T: 0:07:21
[TRAIN_F0], E: 1/3, S: 0600/1622, L: 0.49727, LR: 0.00000877, T: 0:11:04
[TRAIN_F0], E: 1/3, S: 0800/1622, L: 0.45802, LR: 0.00000836, T: 0:14:38
[TRAIN_F0], E: 1/3, S: 1000/1622, L: 0.43421, LR: 0.00000794, T: 0:18:16
[TRAIN_F0], E: 1/3, S: 1200/1622, L: 0.41444, LR: 0.00000753, T: 0:21:56
[TRAIN_F0], E: 1/3, S: 1400/1622, L: 0.39720, LR: 0.00000712, T: 0:25:32
[TRAIN_F0], E: 1/3, S: 1600/1622, L: 0.38531, LR: 0.00000671, T: 0:29:08
[TRAIN_F0], E: 1/3, S: 1621/1622, L: 0.38383, LR: 0.00000667, T: 0:29:31

VALID_LOOP
[VALID_F0], E: 1/3, S: 000/541, L: 0.37740, T: 0:00:01
[VALID_F0], E: 1/3, S: 200/541, L: 0.31899, T: 0:01:39
[VALID_F0], E: 1/3, S: 400/541, L: 0.32919, T: 0:03:17
[VALID_F0], E: 1/3, S: 540/541, L: 0.32867, T: 0:04:27

-> [SAVED] Fold: 0, Epoch: 1, QWK: 0.7585158576218536

-- [Fold: 0, Epoch: 1] DONE --

TRAINL_LOOP
[TRAIN_F0], E: 2/3, S: 0000/1622, L: 0.51012, LR: 0.00000667, T: 0:00:01
[TRAIN_F0], E: 2/3, S: 0200/1622, L: 0.24985, LR: 0.00000626, T: 0:03:42
[TRAIN_F0], E: 2/3, S: 0400/1622, L: 0.25245, LR: 0.00000584, T: 0:07:19
[TRAIN_F0], E: 2/3, S: 0600/1622, L: 0.25089, LR: 0.00000543, T: 0:10:59
[TRAIN_F0], E: 2/3, S: 0800/1622, L: 0.24740, LR: 0.00000502, T: 0:14:36
[TRAIN_F0], E: 2/3, S: 1000/1622, L: 0.24068, LR: 0.00000461, T: 0:18:19
[TRAIN_F0], E: 2/3, S: 1200/1622, L: 0.24117, LR: 0.00000420, T: 0:21:55
[TRAIN_F0], E: 2/3, S: 1400/1622, L: 0.24199, LR: 0.00000379, T: 0:25:34
[TRAIN_F0], E: 2/3, S: 1600/1622, L: 0.23869, LR: 0.00000338, T: 0:29:13
[TRAIN_F0], E: 2/3, S: 1621/1622, L: 0.23834, LR: 0.00000334, T: 0:29:37

VALID_LOOP
[VALID_F0], E: 2/3, S: 000/541, L: 0.39960, T: 0:00:01
[VALID_F0], E: 2/3, S: 200/541, L: 0.24972, T: 0:01:39
[VALID_F0], E: 2/3, S: 400/541, L: 0.25283, T: 0:03:17
[VALID_F0], E: 2/3, S: 540/541, L: 0.25385, T: 0:04:27

-> [SAVED] Fold: 0, Epoch: 2, QWK: 0.8368002976860274

-- [Fold: 0, Epoch: 2] DONE --

TRAINL_LOOP
[TRAIN_F0], E: 3/3, S: 0000/1622, L: 0.42842, LR: 0.00000333, T: 0:00:01
[TRAIN_F0], E: 3/3, S: 0200/1622, L: 0.18701, LR: 0.00000292, T: 0:03:39
[TRAIN_F0], E: 3/3, S: 0400/1622, L: 0.18086, LR: 0.00000251, T: 0:07:15
[TRAIN_F0], E: 3/3, S: 0600/1622, L: 0.17970, LR: 0.00000210, T: 0:10:53
[TRAIN_F0], E: 3/3, S: 0800/1622, L: 0.17959, LR: 0.00000169, T: 0:14:31
[TRAIN_F0], E: 3/3, S: 1000/1622, L: 0.17752, LR: 0.00000128, T: 0:18:16
[TRAIN_F0], E: 3/3, S: 1200/1622, L: 0.17526, LR: 0.00000087, T: 0:21:56
[TRAIN_F0], E: 3/3, S: 1400/1622, L: 0.17213, LR: 0.00000046, T: 0:25:31
[TRAIN_F0], E: 3/3, S: 1600/1622, L: 0.16956, LR: 0.00000005, T: 0:29:10
[TRAIN_F0], E: 3/3, S: 1621/1622, L: 0.16959, LR: 0.00000000, T: 0:29:33

VALID_LOOP
[VALID_F0], E: 3/3, S: 000/541, L: 0.40990, T: 0:00:01
[VALID_F0], E: 3/3, S: 200/541, L: 0.24871, T: 0:01:39
[VALID_F0], E: 3/3, S: 400/541, L: 0.24958, T: 0:03:17
[VALID_F0], E: 3/3, S: 540/541, L: 0.25056, T: 0:04:27

-> [SAVED] Fold: 0, Epoch: 3, QWK: 0.8401133479282797

-- [Fold: 0, Epoch: 3] DONE --

exp: 188
--- FOLD 1 ---
TRAINL_LOOP
[TRAIN_F1], E: 1/3, S: 0000/1622, L: 9.76129, LR: 0.00001000, T: 0:00:01
[TRAIN_F1], E: 1/3, S: 0200/1622, L: 0.71899, LR: 0.00000959, T: 0:03:37
[TRAIN_F1], E: 1/3, S: 0400/1622, L: 0.55522, LR: 0.00000918, T: 0:07:14
[TRAIN_F1], E: 1/3, S: 0600/1622, L: 0.47850, LR: 0.00000877, T: 0:10:48
[TRAIN_F1], E: 1/3, S: 0800/1622, L: 0.43806, LR: 0.00000836, T: 0:14:27
[TRAIN_F1], E: 1/3, S: 1000/1622, L: 0.41736, LR: 0.00000794, T: 0:18:05
[TRAIN_F1], E: 1/3, S: 1200/1622, L: 0.39963, LR: 0.00000753, T: 0:21:42
[TRAIN_F1], E: 1/3, S: 1400/1622, L: 0.38746, LR: 0.00000712, T: 0:25:21
[TRAIN_F1], E: 1/3, S: 1600/1622, L: 0.37679, LR: 0.00000671, T: 0:28:58
[TRAIN_F1], E: 1/3, S: 1621/1622, L: 0.37584, LR: 0.00000667, T: 0:29:22

VALID_LOOP
[VALID_F1], E: 1/3, S: 000/541, L: 0.05651, T: 0:00:01
[VALID_F1], E: 1/3, S: 200/541, L: 0.30411, T: 0:01:43
[VALID_F1], E: 1/3, S: 400/541, L: 0.29844, T: 0:03:23
[VALID_F1], E: 1/3, S: 540/541, L: 0.29324, T: 0:04:34

-> [SAVED] Fold: 1, Epoch: 1, QWK: 0.8314266286035098

-- [Fold: 1, Epoch: 1] DONE --

TRAINL_LOOP
[TRAIN_F1], E: 2/3, S: 0000/1622, L: 0.07716, LR: 0.00000667, T: 0:00:01
[TRAIN_F1], E: 2/3, S: 0200/1622, L: 0.24703, LR: 0.00000626, T: 0:03:36
[TRAIN_F1], E: 2/3, S: 0400/1622, L: 0.24262, LR: 0.00000584, T: 0:07:12
[TRAIN_F1], E: 2/3, S: 0600/1622, L: 0.24429, LR: 0.00000543, T: 0:10:53
[TRAIN_F1], E: 2/3, S: 0800/1622, L: 0.24460, LR: 0.00000502, T: 0:14:33
[TRAIN_F1], E: 2/3, S: 1000/1622, L: 0.24108, LR: 0.00000461, T: 0:18:11
[TRAIN_F1], E: 2/3, S: 1200/1622, L: 0.23951, LR: 0.00000420, T: 0:21:50
[TRAIN_F1], E: 2/3, S: 1400/1622, L: 0.23701, LR: 0.00000379, T: 0:25:24
[TRAIN_F1], E: 2/3, S: 1600/1622, L: 0.23756, LR: 0.00000338, T: 0:29:05
[TRAIN_F1], E: 2/3, S: 1621/1622, L: 0.23695, LR: 0.00000334, T: 0:29:28

VALID_LOOP
[VALID_F1], E: 2/3, S: 000/541, L: 0.05340, T: 0:00:01
[VALID_F1], E: 2/3, S: 200/541, L: 0.27608, T: 0:01:43
[VALID_F1], E: 2/3, S: 400/541, L: 0.26792, T: 0:03:23
[VALID_F1], E: 2/3, S: 540/541, L: 0.26474, T: 0:04:34

-> [SAVED] Fold: 1, Epoch: 2, QWK: 0.8340425413190571

-- [Fold: 1, Epoch: 2] DONE --

TRAINL_LOOP
[TRAIN_F1], E: 3/3, S: 0000/1622, L: 0.08889, LR: 0.00000333, T: 0:00:01
[TRAIN_F1], E: 3/3, S: 0200/1622, L: 0.17218, LR: 0.00000292, T: 0:03:40
[TRAIN_F1], E: 3/3, S: 0400/1622, L: 0.18328, LR: 0.00000251, T: 0:07:13
[TRAIN_F1], E: 3/3, S: 0600/1622, L: 0.17753, LR: 0.00000210, T: 0:10:50
[TRAIN_F1], E: 3/3, S: 0800/1622, L: 0.17708, LR: 0.00000169, T: 0:14:26
[TRAIN_F1], E: 3/3, S: 1000/1622, L: 0.17501, LR: 0.00000128, T: 0:18:09
[TRAIN_F1], E: 3/3, S: 1200/1622, L: 0.17514, LR: 0.00000087, T: 0:21:42
[TRAIN_F1], E: 3/3, S: 1400/1622, L: 0.17489, LR: 0.00000046, T: 0:25:20
[TRAIN_F1], E: 3/3, S: 1600/1622, L: 0.17446, LR: 0.00000005, T: 0:29:00
[TRAIN_F1], E: 3/3, S: 1621/1622, L: 0.17420, LR: 0.00000000, T: 0:29:22

VALID_LOOP
[VALID_F1], E: 3/3, S: 000/541, L: 0.06315, T: 0:00:01
[VALID_F1], E: 3/3, S: 200/541, L: 0.25675, T: 0:01:43
[VALID_F1], E: 3/3, S: 400/541, L: 0.25742, T: 0:03:23
[VALID_F1], E: 3/3, S: 540/541, L: 0.25428, T: 0:04:34

-> [SAVED] Fold: 1, Epoch: 3, QWK: 0.8420650793756754

-- [Fold: 1, Epoch: 3] DONE --

exp: 188
--- FOLD 2 ---
TRAINL_LOOP
[TRAIN_F2], E: 1/3, S: 0000/1622, L: 9.40526, LR: 0.00001000, T: 0:00:01
[TRAIN_F2], E: 1/3, S: 0200/1622, L: 0.71964, LR: 0.00000959, T: 0:03:38
[TRAIN_F2], E: 1/3, S: 0400/1622, L: 0.55198, LR: 0.00000918, T: 0:07:16
[TRAIN_F2], E: 1/3, S: 0600/1622, L: 0.47692, LR: 0.00000877, T: 0:10:54
[TRAIN_F2], E: 1/3, S: 0800/1622, L: 0.44076, LR: 0.00000836, T: 0:14:35
[TRAIN_F2], E: 1/3, S: 1000/1622, L: 0.41876, LR: 0.00000794, T: 0:18:11
[TRAIN_F2], E: 1/3, S: 1200/1622, L: 0.40319, LR: 0.00000753, T: 0:21:54
[TRAIN_F2], E: 1/3, S: 1400/1622, L: 0.39058, LR: 0.00000712, T: 0:25:32
[TRAIN_F2], E: 1/3, S: 1600/1622, L: 0.38178, LR: 0.00000671, T: 0:29:08
[TRAIN_F2], E: 1/3, S: 1621/1622, L: 0.38078, LR: 0.00000667, T: 0:29:31

VALID_LOOP
[VALID_F2], E: 1/3, S: 000/541, L: 0.28940, T: 0:00:01
[VALID_F2], E: 1/3, S: 200/541, L: 0.30669, T: 0:01:42
[VALID_F2], E: 1/3, S: 400/541, L: 0.28976, T: 0:03:24
[VALID_F2], E: 1/3, S: 540/541, L: 0.28930, T: 0:04:35

-> [SAVED] Fold: 2, Epoch: 1, QWK: 0.7924885389932098

-- [Fold: 2, Epoch: 1] DONE --

TRAINL_LOOP
[TRAIN_F2], E: 2/3, S: 0000/1622, L: 0.20226, LR: 0.00000667, T: 0:00:01
[TRAIN_F2], E: 2/3, S: 0200/1622, L: 0.26377, LR: 0.00000626, T: 0:03:43
[TRAIN_F2], E: 2/3, S: 0400/1622, L: 0.26003, LR: 0.00000584, T: 0:07:24
[TRAIN_F2], E: 2/3, S: 0600/1622, L: 0.25379, LR: 0.00000543, T: 0:11:03
[TRAIN_F2], E: 2/3, S: 0800/1622, L: 0.25314, LR: 0.00000502, T: 0:14:38
[TRAIN_F2], E: 2/3, S: 1000/1622, L: 0.24795, LR: 0.00000461, T: 0:18:13
[TRAIN_F2], E: 2/3, S: 1200/1622, L: 0.24632, LR: 0.00000420, T: 0:21:55
[TRAIN_F2], E: 2/3, S: 1400/1622, L: 0.24271, LR: 0.00000379, T: 0:25:31
[TRAIN_F2], E: 2/3, S: 1600/1622, L: 0.23940, LR: 0.00000338, T: 0:29:06
[TRAIN_F2], E: 2/3, S: 1621/1622, L: 0.23914, LR: 0.00000334, T: 0:29:28

VALID_LOOP
[VALID_F2], E: 2/3, S: 000/541, L: 0.24664, T: 0:00:01
[VALID_F2], E: 2/3, S: 200/541, L: 0.29134, T: 0:01:42
[VALID_F2], E: 2/3, S: 400/541, L: 0.27824, T: 0:03:24
[VALID_F2], E: 2/3, S: 540/541, L: 0.27872, T: 0:04:35

-> [SAVED] Fold: 2, Epoch: 2, QWK: 0.8425806428993572

-- [Fold: 2, Epoch: 2] DONE --

TRAINL_LOOP
[TRAIN_F2], E: 3/3, S: 0000/1622, L: 0.25431, LR: 0.00000333, T: 0:00:01
[TRAIN_F2], E: 3/3, S: 0200/1622, L: 0.16694, LR: 0.00000292, T: 0:03:36
[TRAIN_F2], E: 3/3, S: 0400/1622, L: 0.16625, LR: 0.00000251, T: 0:07:11
[TRAIN_F2], E: 3/3, S: 0600/1622, L: 0.16738, LR: 0.00000210, T: 0:10:48
[TRAIN_F2], E: 3/3, S: 0800/1622, L: 0.16779, LR: 0.00000169, T: 0:14:26
[TRAIN_F2], E: 3/3, S: 1000/1622, L: 0.16485, LR: 0.00000128, T: 0:18:04
[TRAIN_F2], E: 3/3, S: 1200/1622, L: 0.16366, LR: 0.00000087, T: 0:21:43
[TRAIN_F2], E: 3/3, S: 1400/1622, L: 0.16423, LR: 0.00000046, T: 0:25:23
[TRAIN_F2], E: 3/3, S: 1600/1622, L: 0.16344, LR: 0.00000005, T: 0:29:02
[TRAIN_F2], E: 3/3, S: 1621/1622, L: 0.16312, LR: 0.00000000, T: 0:29:25

VALID_LOOP
[VALID_F2], E: 3/3, S: 000/541, L: 0.30692, T: 0:00:01
[VALID_F2], E: 3/3, S: 200/541, L: 0.26564, T: 0:01:42
[VALID_F2], E: 3/3, S: 400/541, L: 0.25340, T: 0:03:24
[VALID_F2], E: 3/3, S: 540/541, L: 0.25448, T: 0:04:35

-> [SAVED] Fold: 2, Epoch: 3, QWK: 0.846665096828754

-- [Fold: 2, Epoch: 3] DONE --

exp: 188
--- FOLD 3 ---
TRAINL_LOOP
[TRAIN_F3], E: 1/3, S: 0000/1622, L: 6.38332, LR: 0.00001000, T: 0:00:01
[TRAIN_F3], E: 1/3, S: 0200/1622, L: 0.71067, LR: 0.00000959, T: 0:03:42
[TRAIN_F3], E: 1/3, S: 0400/1622, L: 0.57437, LR: 0.00000918, T: 0:07:17
[TRAIN_F3], E: 1/3, S: 0600/1622, L: 0.51028, LR: 0.00000877, T: 0:10:53
[TRAIN_F3], E: 1/3, S: 0800/1622, L: 0.46969, LR: 0.00000836, T: 0:14:30
[TRAIN_F3], E: 1/3, S: 1000/1622, L: 0.44103, LR: 0.00000794, T: 0:18:09
[TRAIN_F3], E: 1/3, S: 1200/1622, L: 0.41955, LR: 0.00000753, T: 0:21:47
[TRAIN_F3], E: 1/3, S: 1400/1622, L: 0.40175, LR: 0.00000712, T: 0:25:28
[TRAIN_F3], E: 1/3, S: 1600/1622, L: 0.39084, LR: 0.00000671, T: 0:29:02
[TRAIN_F3], E: 1/3, S: 1621/1622, L: 0.39023, LR: 0.00000667, T: 0:29:25

VALID_LOOP
[VALID_F3], E: 1/3, S: 000/541, L: 0.10725, T: 0:00:01
[VALID_F3], E: 1/3, S: 200/541, L: 0.30627, T: 0:01:41
[VALID_F3], E: 1/3, S: 400/541, L: 0.30836, T: 0:03:20
[VALID_F3], E: 1/3, S: 540/541, L: 0.31136, T: 0:04:30

-> [SAVED] Fold: 3, Epoch: 1, QWK: 0.8072081163469388

-- [Fold: 3, Epoch: 1] DONE --

TRAINL_LOOP
[TRAIN_F3], E: 2/3, S: 0000/1622, L: 0.34049, LR: 0.00000667, T: 0:00:01
[TRAIN_F3], E: 2/3, S: 0200/1622, L: 0.26209, LR: 0.00000626, T: 0:03:42
[TRAIN_F3], E: 2/3, S: 0400/1622, L: 0.24661, LR: 0.00000584, T: 0:07:20
[TRAIN_F3], E: 2/3, S: 0600/1622, L: 0.24227, LR: 0.00000543, T: 0:11:01
[TRAIN_F3], E: 2/3, S: 0800/1622, L: 0.24148, LR: 0.00000502, T: 0:14:42
[TRAIN_F3], E: 2/3, S: 1000/1622, L: 0.23968, LR: 0.00000461, T: 0:18:21
[TRAIN_F3], E: 2/3, S: 1200/1622, L: 0.23828, LR: 0.00000420, T: 0:22:01
[TRAIN_F3], E: 2/3, S: 1400/1622, L: 0.23889, LR: 0.00000379, T: 0:25:37
[TRAIN_F3], E: 2/3, S: 1600/1622, L: 0.23684, LR: 0.00000338, T: 0:29:17
[TRAIN_F3], E: 2/3, S: 1621/1622, L: 0.23694, LR: 0.00000334, T: 0:29:40

VALID_LOOP
[VALID_F3], E: 2/3, S: 000/541, L: 0.11229, T: 0:00:01
[VALID_F3], E: 2/3, S: 200/541, L: 0.25220, T: 0:01:41
[VALID_F3], E: 2/3, S: 400/541, L: 0.25123, T: 0:03:20
[VALID_F3], E: 2/3, S: 540/541, L: 0.25662, T: 0:04:30

-> [SAVED] Fold: 3, Epoch: 2, QWK: 0.8385311485609426

-- [Fold: 3, Epoch: 2] DONE --

TRAINL_LOOP
[TRAIN_F3], E: 3/3, S: 0000/1622, L: 0.05949, LR: 0.00000333, T: 0:00:01
[TRAIN_F3], E: 3/3, S: 0200/1622, L: 0.18113, LR: 0.00000292, T: 0:03:46
[TRAIN_F3], E: 3/3, S: 0400/1622, L: 0.17705, LR: 0.00000251, T: 0:07:24
[TRAIN_F3], E: 3/3, S: 0600/1622, L: 0.17290, LR: 0.00000210, T: 0:11:01
[TRAIN_F3], E: 3/3, S: 0800/1622, L: 0.17417, LR: 0.00000169, T: 0:14:38
[TRAIN_F3], E: 3/3, S: 1000/1622, L: 0.17343, LR: 0.00000128, T: 0:18:14
[TRAIN_F3], E: 3/3, S: 1200/1622, L: 0.17124, LR: 0.00000087, T: 0:21:52
[TRAIN_F3], E: 3/3, S: 1400/1622, L: 0.17058, LR: 0.00000046, T: 0:25:28
[TRAIN_F3], E: 3/3, S: 1600/1622, L: 0.16935, LR: 0.00000005, T: 0:29:06
[TRAIN_F3], E: 3/3, S: 1621/1622, L: 0.16977, LR: 0.00000000, T: 0:29:27

VALID_LOOP
[VALID_F3], E: 3/3, S: 000/541, L: 0.11376, T: 0:00:01
[VALID_F3], E: 3/3, S: 200/541, L: 0.25335, T: 0:01:41
[VALID_F3], E: 3/3, S: 400/541, L: 0.24952, T: 0:03:20
[VALID_F3], E: 3/3, S: 540/541, L: 0.25498, T: 0:04:30

-> [SAVED] Fold: 3, Epoch: 3, QWK: 0.8422183198421561

-- [Fold: 3, Epoch: 3] DONE --

