exp: D012
--- FOLD 0 ---
TRAINL_LOOP
[TRAIN_F0], E: 1/3, S: 0000/5132, L: 2.19965, LR: 0.00000000, T: 0:00:01
[TRAIN_F0], E: 1/3, S: 0400/5132, L: 1.73910, LR: 0.00000260, T: 0:01:39
[TRAIN_F0], E: 1/3, S: 0800/5132, L: 1.43086, LR: 0.00000520, T: 0:03:20
[TRAIN_F0], E: 1/3, S: 1200/5132, L: 1.24781, LR: 0.00000780, T: 0:04:54
[TRAIN_F0], E: 1/3, S: 1600/5132, L: 1.13298, LR: 0.00000996, T: 0:06:35
[TRAIN_F0], E: 1/3, S: 2000/5132, L: 1.05223, LR: 0.00000967, T: 0:08:17
[TRAIN_F0], E: 1/3, S: 2400/5132, L: 0.99710, LR: 0.00000938, T: 0:10:00
[TRAIN_F0], E: 1/3, S: 2800/5132, L: 0.95712, LR: 0.00000909, T: 0:11:40
[TRAIN_F0], E: 1/3, S: 3200/5132, L: 0.92640, LR: 0.00000880, T: 0:13:22
[TRAIN_F0], E: 1/3, S: 3600/5132, L: 0.90086, LR: 0.00000851, T: 0:15:10
[TRAIN_F0], E: 1/3, S: 4000/5132, L: 0.87839, LR: 0.00000822, T: 0:16:50
[TRAIN_F0], E: 1/3, S: 4400/5132, L: 0.85780, LR: 0.00000794, T: 0:18:35
[TRAIN_F0], E: 1/3, S: 4800/5132, L: 0.84301, LR: 0.00000765, T: 0:20:15
[TRAIN_F0], E: 1/3, S: 5131/5132, L: 0.83012, LR: 0.00000741, T: 0:21:37

VALID_LOOP
[VALID_F0], E: 1/3, S: 0000/1712, L: 0.54729, T: 0:00:00
[VALID_F0], E: 1/3, S: 0400/1712, L: 0.55602, T: 0:00:37
[VALID_F0], E: 1/3, S: 0800/1712, L: 0.60791, T: 0:01:06
[VALID_F0], E: 1/3, S: 1200/1712, L: 0.64019, T: 0:01:32
[VALID_F0], E: 1/3, S: 1600/1712, L: 0.64963, T: 0:02:00
[VALID_F0], E: 1/3, S: 1711/1712, L: 0.65479, T: 0:02:08

-> [SAVED] Fold: 0, Epoch: 1, F1: 0.769865415872526

-- [Fold: 0, Epoch: 1] DONE --

TRAINL_LOOP
[TRAIN_F0], E: 2/3, S: 0000/5132, L: 0.46403, LR: 0.00000741, T: 0:00:00
[TRAIN_F0], E: 2/3, S: 0400/5132, L: 0.60727, LR: 0.00000712, T: 0:01:45
[TRAIN_F0], E: 2/3, S: 0800/5132, L: 0.59181, LR: 0.00000683, T: 0:03:21
[TRAIN_F0], E: 2/3, S: 1200/5132, L: 0.59244, LR: 0.00000654, T: 0:05:01
[TRAIN_F0], E: 2/3, S: 1600/5132, L: 0.59039, LR: 0.00000625, T: 0:06:43
[TRAIN_F0], E: 2/3, S: 2000/5132, L: 0.58968, LR: 0.00000596, T: 0:08:24
[TRAIN_F0], E: 2/3, S: 2400/5132, L: 0.59104, LR: 0.00000568, T: 0:10:04
[TRAIN_F0], E: 2/3, S: 2800/5132, L: 0.58978, LR: 0.00000539, T: 0:11:49
[TRAIN_F0], E: 2/3, S: 3200/5132, L: 0.58725, LR: 0.00000510, T: 0:13:26
[TRAIN_F0], E: 2/3, S: 3600/5132, L: 0.58861, LR: 0.00000481, T: 0:15:13
[TRAIN_F0], E: 2/3, S: 4000/5132, L: 0.58566, LR: 0.00000452, T: 0:16:52
[TRAIN_F0], E: 2/3, S: 4400/5132, L: 0.58426, LR: 0.00000423, T: 0:18:37
[TRAIN_F0], E: 2/3, S: 4800/5132, L: 0.58201, LR: 0.00000394, T: 0:20:16
[TRAIN_F0], E: 2/3, S: 5131/5132, L: 0.58066, LR: 0.00000370, T: 0:21:39

VALID_LOOP
[VALID_F0], E: 2/3, S: 0000/1712, L: 0.51649, T: 0:00:00
[VALID_F0], E: 2/3, S: 0400/1712, L: 0.53251, T: 0:00:38
[VALID_F0], E: 2/3, S: 0800/1712, L: 0.58958, T: 0:01:06
[VALID_F0], E: 2/3, S: 1200/1712, L: 0.61634, T: 0:01:33
[VALID_F0], E: 2/3, S: 1600/1712, L: 0.62161, T: 0:02:01
[VALID_F0], E: 2/3, S: 1711/1712, L: 0.62804, T: 0:02:09

-> [SAVED] Fold: 0, Epoch: 2, F1: 0.7798390730528366

-- [Fold: 0, Epoch: 2] DONE --

TRAINL_LOOP
[TRAIN_F0], E: 3/3, S: 0000/5132, L: 0.22251, LR: 0.00000370, T: 0:00:00
[TRAIN_F0], E: 3/3, S: 0400/5132, L: 0.51489, LR: 0.00000341, T: 0:01:44
[TRAIN_F0], E: 3/3, S: 0800/5132, L: 0.50565, LR: 0.00000313, T: 0:03:29
[TRAIN_F0], E: 3/3, S: 1200/5132, L: 0.49829, LR: 0.00000284, T: 0:05:08
[TRAIN_F0], E: 3/3, S: 1600/5132, L: 0.49526, LR: 0.00000255, T: 0:06:46
[TRAIN_F0], E: 3/3, S: 2000/5132, L: 0.49521, LR: 0.00000226, T: 0:08:29
[TRAIN_F0], E: 3/3, S: 2400/5132, L: 0.49363, LR: 0.00000197, T: 0:10:11
[TRAIN_F0], E: 3/3, S: 2800/5132, L: 0.49214, LR: 0.00000168, T: 0:11:47
[TRAIN_F0], E: 3/3, S: 3200/5132, L: 0.49108, LR: 0.00000139, T: 0:13:28
[TRAIN_F0], E: 3/3, S: 3600/5132, L: 0.48874, LR: 0.00000111, T: 0:15:10
[TRAIN_F0], E: 3/3, S: 4000/5132, L: 0.48785, LR: 0.00000082, T: 0:16:49
[TRAIN_F0], E: 3/3, S: 4400/5132, L: 0.48708, LR: 0.00000053, T: 0:18:34
[TRAIN_F0], E: 3/3, S: 4800/5132, L: 0.48651, LR: 0.00000024, T: 0:20:17
[TRAIN_F0], E: 3/3, S: 5131/5132, L: 0.48522, LR: 0.00000000, T: 0:21:40

VALID_LOOP
[VALID_F0], E: 3/3, S: 0000/1712, L: 0.56823, T: 0:00:00
[VALID_F0], E: 3/3, S: 0400/1712, L: 0.53590, T: 0:00:38
[VALID_F0], E: 3/3, S: 0800/1712, L: 0.59788, T: 0:01:06
[VALID_F0], E: 3/3, S: 1200/1712, L: 0.62411, T: 0:01:33
[VALID_F0], E: 3/3, S: 1600/1712, L: 0.63007, T: 0:02:01
[VALID_F0], E: 3/3, S: 1711/1712, L: 0.63538, T: 0:02:09

-> [SAVED] Fold: 0, Epoch: 3, F1: 0.7822899133904518

-- [Fold: 0, Epoch: 3] DONE --

exp: D012
--- FOLD 1 ---
TRAINL_LOOP
[TRAIN_F1], E: 1/3, S: 0000/5132, L: 1.96295, LR: 0.00000000, T: 0:00:03
[TRAIN_F1], E: 1/3, S: 0400/5132, L: 1.72277, LR: 0.00000260, T: 0:01:22
[TRAIN_F1], E: 1/3, S: 0800/5132, L: 1.43574, LR: 0.00000520, T: 0:02:44
[TRAIN_F1], E: 1/3, S: 1200/5132, L: 1.25046, LR: 0.00000780, T: 0:04:03
[TRAIN_F1], E: 1/3, S: 1600/5132, L: 1.13558, LR: 0.00000996, T: 0:05:22
[TRAIN_F1], E: 1/3, S: 2000/5132, L: 1.05932, LR: 0.00000967, T: 0:06:41
[TRAIN_F1], E: 1/3, S: 2400/5132, L: 1.00360, LR: 0.00000938, T: 0:08:00
[TRAIN_F1], E: 1/3, S: 2800/5132, L: 0.95986, LR: 0.00000909, T: 0:09:21
[TRAIN_F1], E: 1/3, S: 3200/5132, L: 0.92792, LR: 0.00000880, T: 0:10:38
[TRAIN_F1], E: 1/3, S: 3600/5132, L: 0.90057, LR: 0.00000851, T: 0:11:59
[TRAIN_F1], E: 1/3, S: 4000/5132, L: 0.87759, LR: 0.00000822, T: 0:13:17
[TRAIN_F1], E: 1/3, S: 4400/5132, L: 0.85965, LR: 0.00000794, T: 0:14:35
[TRAIN_F1], E: 1/3, S: 4800/5132, L: 0.84451, LR: 0.00000765, T: 0:15:58
[TRAIN_F1], E: 1/3, S: 5131/5132, L: 0.83244, LR: 0.00000741, T: 0:17:01

VALID_LOOP
[VALID_F1], E: 1/3, S: 0000/1712, L: 0.59160, T: 0:00:00
[VALID_F1], E: 1/3, S: 0400/1712, L: 0.59094, T: 0:00:53
[VALID_F1], E: 1/3, S: 0800/1712, L: 0.63509, T: 0:01:35
[VALID_F1], E: 1/3, S: 1200/1712, L: 0.67315, T: 0:02:12
[VALID_F1], E: 1/3, S: 1600/1712, L: 0.68052, T: 0:02:52
[VALID_F1], E: 1/3, S: 1711/1712, L: 0.68490, T: 0:03:05

-> [SAVED] Fold: 1, Epoch: 1, F1: 0.756356694303461

-- [Fold: 1, Epoch: 1] DONE --

TRAINL_LOOP
[TRAIN_F1], E: 2/3, S: 0000/5132, L: 0.80839, LR: 0.00000741, T: 0:00:00
[TRAIN_F1], E: 2/3, S: 0400/5132, L: 0.59569, LR: 0.00000712, T: 0:01:22
[TRAIN_F1], E: 2/3, S: 0800/5132, L: 0.58253, LR: 0.00000683, T: 0:02:44
[TRAIN_F1], E: 2/3, S: 1200/5132, L: 0.58933, LR: 0.00000654, T: 0:04:03
[TRAIN_F1], E: 2/3, S: 1600/5132, L: 0.59068, LR: 0.00000625, T: 0:05:20
[TRAIN_F1], E: 2/3, S: 2000/5132, L: 0.59030, LR: 0.00000596, T: 0:06:40
[TRAIN_F1], E: 2/3, S: 2400/5132, L: 0.59007, LR: 0.00000568, T: 0:07:57
[TRAIN_F1], E: 2/3, S: 2800/5132, L: 0.58968, LR: 0.00000539, T: 0:09:14
[TRAIN_F1], E: 2/3, S: 3200/5132, L: 0.58647, LR: 0.00000510, T: 0:10:35
[TRAIN_F1], E: 2/3, S: 3600/5132, L: 0.58399, LR: 0.00000481, T: 0:11:56
[TRAIN_F1], E: 2/3, S: 4000/5132, L: 0.58393, LR: 0.00000452, T: 0:13:14
[TRAIN_F1], E: 2/3, S: 4400/5132, L: 0.58250, LR: 0.00000423, T: 0:14:34
[TRAIN_F1], E: 2/3, S: 4800/5132, L: 0.58228, LR: 0.00000394, T: 0:15:52
[TRAIN_F1], E: 2/3, S: 5131/5132, L: 0.58127, LR: 0.00000370, T: 0:17:00

VALID_LOOP
[VALID_F1], E: 2/3, S: 0000/1712, L: 0.60913, T: 0:00:00
[VALID_F1], E: 2/3, S: 0400/1712, L: 0.54228, T: 0:00:53
[VALID_F1], E: 2/3, S: 0800/1712, L: 0.58532, T: 0:01:35
[VALID_F1], E: 2/3, S: 1200/1712, L: 0.62607, T: 0:02:12
[VALID_F1], E: 2/3, S: 1600/1712, L: 0.63244, T: 0:02:52
[VALID_F1], E: 2/3, S: 1711/1712, L: 0.63623, T: 0:03:05

-> [SAVED] Fold: 1, Epoch: 2, F1: 0.7771098391734327

-- [Fold: 1, Epoch: 2] DONE --

TRAINL_LOOP
[TRAIN_F1], E: 3/3, S: 0000/5132, L: 0.34282, LR: 0.00000370, T: 0:00:00
[TRAIN_F1], E: 3/3, S: 0400/5132, L: 0.47657, LR: 0.00000341, T: 0:01:20
[TRAIN_F1], E: 3/3, S: 0800/5132, L: 0.48419, LR: 0.00000313, T: 0:02:38
[TRAIN_F1], E: 3/3, S: 1200/5132, L: 0.48444, LR: 0.00000284, T: 0:03:55
[TRAIN_F1], E: 3/3, S: 1600/5132, L: 0.48110, LR: 0.00000255, T: 0:05:13
[TRAIN_F1], E: 3/3, S: 2000/5132, L: 0.48143, LR: 0.00000226, T: 0:06:32
[TRAIN_F1], E: 3/3, S: 2400/5132, L: 0.48131, LR: 0.00000197, T: 0:07:48
[TRAIN_F1], E: 3/3, S: 2800/5132, L: 0.48108, LR: 0.00000168, T: 0:09:07
[TRAIN_F1], E: 3/3, S: 3200/5132, L: 0.48216, LR: 0.00000139, T: 0:10:27
[TRAIN_F1], E: 3/3, S: 3600/5132, L: 0.48457, LR: 0.00000111, T: 0:11:44
[TRAIN_F1], E: 3/3, S: 4000/5132, L: 0.48585, LR: 0.00000082, T: 0:13:04
[TRAIN_F1], E: 3/3, S: 4400/5132, L: 0.48508, LR: 0.00000053, T: 0:14:22
[TRAIN_F1], E: 3/3, S: 4800/5132, L: 0.48351, LR: 0.00000024, T: 0:15:43
[TRAIN_F1], E: 3/3, S: 5131/5132, L: 0.48372, LR: 0.00000000, T: 0:16:54

VALID_LOOP
[VALID_F1], E: 3/3, S: 0000/1712, L: 0.47175, T: 0:00:00
[VALID_F1], E: 3/3, S: 0400/1712, L: 0.53173, T: 0:00:53
[VALID_F1], E: 3/3, S: 0800/1712, L: 0.57978, T: 0:01:34
[VALID_F1], E: 3/3, S: 1200/1712, L: 0.62173, T: 0:02:11
[VALID_F1], E: 3/3, S: 1600/1712, L: 0.63013, T: 0:02:52
[VALID_F1], E: 3/3, S: 1711/1712, L: 0.63460, T: 0:03:04

-> [SAVED] Fold: 1, Epoch: 3, F1: 0.7818647531966064

-- [Fold: 1, Epoch: 3] DONE --

exp: D012
--- FOLD 2 ---
TRAINL_LOOP
[TRAIN_F2], E: 1/3, S: 0000/5133, L: 1.97888, LR: 0.00000000, T: 0:00:00
[TRAIN_F2], E: 1/3, S: 0400/5133, L: 1.72969, LR: 0.00000260, T: 0:01:21
[TRAIN_F2], E: 1/3, S: 0800/5133, L: 1.42225, LR: 0.00000520, T: 0:02:40
[TRAIN_F2], E: 1/3, S: 1200/5133, L: 1.24031, LR: 0.00000780, T: 0:04:01
[TRAIN_F2], E: 1/3, S: 1600/5133, L: 1.13077, LR: 0.00000996, T: 0:05:23
[TRAIN_F2], E: 1/3, S: 2000/5133, L: 1.05262, LR: 0.00000967, T: 0:06:40
[TRAIN_F2], E: 1/3, S: 2400/5133, L: 0.99729, LR: 0.00000938, T: 0:07:57
[TRAIN_F2], E: 1/3, S: 2800/5133, L: 0.95407, LR: 0.00000909, T: 0:09:18
[TRAIN_F2], E: 1/3, S: 3200/5133, L: 0.92508, LR: 0.00000880, T: 0:10:38
[TRAIN_F2], E: 1/3, S: 3600/5133, L: 0.89965, LR: 0.00000851, T: 0:11:55
[TRAIN_F2], E: 1/3, S: 4000/5133, L: 0.87718, LR: 0.00000822, T: 0:13:16
[TRAIN_F2], E: 1/3, S: 4400/5133, L: 0.85884, LR: 0.00000794, T: 0:14:35
[TRAIN_F2], E: 1/3, S: 4800/5133, L: 0.84342, LR: 0.00000765, T: 0:15:56
[TRAIN_F2], E: 1/3, S: 5132/5133, L: 0.82993, LR: 0.00000741, T: 0:17:01

VALID_LOOP
[VALID_F2], E: 1/3, S: 0000/1711, L: 0.49566, T: 0:00:00
[VALID_F2], E: 1/3, S: 0400/1711, L: 0.57131, T: 0:00:52
[VALID_F2], E: 1/3, S: 0800/1711, L: 0.62145, T: 0:01:33
[VALID_F2], E: 1/3, S: 1200/1711, L: 0.65482, T: 0:02:10
[VALID_F2], E: 1/3, S: 1600/1711, L: 0.65783, T: 0:02:51
[VALID_F2], E: 1/3, S: 1710/1711, L: 0.65920, T: 0:03:02

-> [SAVED] Fold: 2, Epoch: 1, F1: 0.7658740755058253

-- [Fold: 2, Epoch: 1] DONE --

TRAINL_LOOP
[TRAIN_F2], E: 2/3, S: 0000/5133, L: 0.71245, LR: 0.00000741, T: 0:00:00
[TRAIN_F2], E: 2/3, S: 0400/5133, L: 0.56415, LR: 0.00000712, T: 0:01:19
[TRAIN_F2], E: 2/3, S: 0800/5133, L: 0.57157, LR: 0.00000683, T: 0:02:39
[TRAIN_F2], E: 2/3, S: 1200/5133, L: 0.57841, LR: 0.00000654, T: 0:04:01
[TRAIN_F2], E: 2/3, S: 1600/5133, L: 0.57653, LR: 0.00000625, T: 0:05:24
[TRAIN_F2], E: 2/3, S: 2000/5133, L: 0.57953, LR: 0.00000596, T: 0:06:41
[TRAIN_F2], E: 2/3, S: 2400/5133, L: 0.58090, LR: 0.00000568, T: 0:08:01
[TRAIN_F2], E: 2/3, S: 2800/5133, L: 0.58289, LR: 0.00000539, T: 0:09:21
[TRAIN_F2], E: 2/3, S: 3200/5133, L: 0.58076, LR: 0.00000510, T: 0:10:44
[TRAIN_F2], E: 2/3, S: 3600/5133, L: 0.57930, LR: 0.00000481, T: 0:12:02
[TRAIN_F2], E: 2/3, S: 4000/5133, L: 0.57897, LR: 0.00000452, T: 0:13:21
[TRAIN_F2], E: 2/3, S: 4400/5133, L: 0.57742, LR: 0.00000423, T: 0:14:41
[TRAIN_F2], E: 2/3, S: 4800/5133, L: 0.57631, LR: 0.00000394, T: 0:15:58
[TRAIN_F2], E: 2/3, S: 5132/5133, L: 0.57632, LR: 0.00000370, T: 0:17:03

VALID_LOOP
[VALID_F2], E: 2/3, S: 0000/1711, L: 0.52638, T: 0:00:00
[VALID_F2], E: 2/3, S: 0400/1711, L: 0.55260, T: 0:00:52
[VALID_F2], E: 2/3, S: 0800/1711, L: 0.59788, T: 0:01:32
[VALID_F2], E: 2/3, S: 1200/1711, L: 0.63385, T: 0:02:10
[VALID_F2], E: 2/3, S: 1600/1711, L: 0.63884, T: 0:02:50
[VALID_F2], E: 2/3, S: 1710/1711, L: 0.64022, T: 0:03:02

-> [SAVED] Fold: 2, Epoch: 2, F1: 0.7740187217842099

-- [Fold: 2, Epoch: 2] DONE --

TRAINL_LOOP
[TRAIN_F2], E: 3/3, S: 0000/5133, L: 0.19313, LR: 0.00000370, T: 0:00:00
[TRAIN_F2], E: 3/3, S: 0400/5133, L: 0.50102, LR: 0.00000341, T: 0:01:19
[TRAIN_F2], E: 3/3, S: 0800/5133, L: 0.48429, LR: 0.00000313, T: 0:02:38
[TRAIN_F2], E: 3/3, S: 1200/5133, L: 0.48307, LR: 0.00000284, T: 0:04:00
[TRAIN_F2], E: 3/3, S: 1600/5133, L: 0.48086, LR: 0.00000255, T: 0:05:19
[TRAIN_F2], E: 3/3, S: 2000/5133, L: 0.48005, LR: 0.00000226, T: 0:06:40
[TRAIN_F2], E: 3/3, S: 2400/5133, L: 0.48045, LR: 0.00000197, T: 0:07:58
[TRAIN_F2], E: 3/3, S: 2800/5133, L: 0.47809, LR: 0.00000168, T: 0:09:15
[TRAIN_F2], E: 3/3, S: 3200/5133, L: 0.48068, LR: 0.00000139, T: 0:10:32
[TRAIN_F2], E: 3/3, S: 3600/5133, L: 0.48119, LR: 0.00000111, T: 0:11:56
[TRAIN_F2], E: 3/3, S: 4000/5133, L: 0.48110, LR: 0.00000082, T: 0:13:15
[TRAIN_F2], E: 3/3, S: 4400/5133, L: 0.47923, LR: 0.00000053, T: 0:14:32
[TRAIN_F2], E: 3/3, S: 4800/5133, L: 0.48074, LR: 0.00000024, T: 0:15:52
[TRAIN_F2], E: 3/3, S: 5132/5133, L: 0.48138, LR: 0.00000000, T: 0:17:01

VALID_LOOP
[VALID_F2], E: 3/3, S: 0000/1711, L: 0.54402, T: 0:00:00
[VALID_F2], E: 3/3, S: 0400/1711, L: 0.55551, T: 0:00:52
[VALID_F2], E: 3/3, S: 0800/1711, L: 0.60404, T: 0:01:32
[VALID_F2], E: 3/3, S: 1200/1711, L: 0.64277, T: 0:02:09
[VALID_F2], E: 3/3, S: 1600/1711, L: 0.64663, T: 0:02:50
[VALID_F2], E: 3/3, S: 1710/1711, L: 0.64795, T: 0:03:02

-> [SAVED] Fold: 2, Epoch: 3, F1: 0.7766937172452596

-- [Fold: 2, Epoch: 3] DONE --

exp: D012
--- FOLD 3 ---
TRAINL_LOOP
[TRAIN_F3], E: 1/3, S: 0000/5133, L: 1.95184, LR: 0.00000000, T: 0:00:00
[TRAIN_F3], E: 1/3, S: 0400/5133, L: 1.73458, LR: 0.00000260, T: 0:01:17
[TRAIN_F3], E: 1/3, S: 0800/5133, L: 1.43809, LR: 0.00000520, T: 0:02:33
[TRAIN_F3], E: 1/3, S: 1200/5133, L: 1.24728, LR: 0.00000780, T: 0:03:52
[TRAIN_F3], E: 1/3, S: 1600/5133, L: 1.13425, LR: 0.00000996, T: 0:05:12
[TRAIN_F3], E: 1/3, S: 2000/5133, L: 1.05511, LR: 0.00000967, T: 0:06:31
[TRAIN_F3], E: 1/3, S: 2400/5133, L: 1.00055, LR: 0.00000938, T: 0:07:49
[TRAIN_F3], E: 1/3, S: 2800/5133, L: 0.96052, LR: 0.00000909, T: 0:09:09
[TRAIN_F3], E: 1/3, S: 3200/5133, L: 0.93079, LR: 0.00000880, T: 0:10:31
[TRAIN_F3], E: 1/3, S: 3600/5133, L: 0.90432, LR: 0.00000851, T: 0:11:46
[TRAIN_F3], E: 1/3, S: 4000/5133, L: 0.88234, LR: 0.00000822, T: 0:13:07
[TRAIN_F3], E: 1/3, S: 4400/5133, L: 0.86241, LR: 0.00000794, T: 0:14:28
[TRAIN_F3], E: 1/3, S: 4800/5133, L: 0.84591, LR: 0.00000765, T: 0:15:49
[TRAIN_F3], E: 1/3, S: 5132/5133, L: 0.83400, LR: 0.00000741, T: 0:16:55

VALID_LOOP
[VALID_F3], E: 1/3, S: 0000/1711, L: 0.26505, T: 0:00:00
[VALID_F3], E: 1/3, S: 0400/1711, L: 0.56224, T: 0:00:55
[VALID_F3], E: 1/3, S: 0800/1711, L: 0.60028, T: 0:01:36
[VALID_F3], E: 1/3, S: 1200/1711, L: 0.63148, T: 0:02:12
[VALID_F3], E: 1/3, S: 1600/1711, L: 0.63366, T: 0:02:53
[VALID_F3], E: 1/3, S: 1710/1711, L: 0.63794, T: 0:03:05

-> [SAVED] Fold: 3, Epoch: 1, F1: 0.7731558296651372

-- [Fold: 3, Epoch: 1] DONE --

TRAINL_LOOP
[TRAIN_F3], E: 2/3, S: 0000/5133, L: 0.83762, LR: 0.00000741, T: 0:00:00
[TRAIN_F3], E: 2/3, S: 0400/5133, L: 0.59200, LR: 0.00000712, T: 0:01:20
[TRAIN_F3], E: 2/3, S: 0800/5133, L: 0.59288, LR: 0.00000683, T: 0:02:42
[TRAIN_F3], E: 2/3, S: 1200/5133, L: 0.59559, LR: 0.00000654, T: 0:04:02
[TRAIN_F3], E: 2/3, S: 1600/5133, L: 0.59391, LR: 0.00000625, T: 0:05:21
[TRAIN_F3], E: 2/3, S: 2000/5133, L: 0.59300, LR: 0.00000596, T: 0:06:39
[TRAIN_F3], E: 2/3, S: 2400/5133, L: 0.58756, LR: 0.00000568, T: 0:08:00
[TRAIN_F3], E: 2/3, S: 2800/5133, L: 0.58812, LR: 0.00000539, T: 0:09:21
[TRAIN_F3], E: 2/3, S: 3200/5133, L: 0.58621, LR: 0.00000510, T: 0:10:39
[TRAIN_F3], E: 2/3, S: 3600/5133, L: 0.58313, LR: 0.00000481, T: 0:11:58
[TRAIN_F3], E: 2/3, S: 4000/5133, L: 0.58235, LR: 0.00000452, T: 0:13:19
[TRAIN_F3], E: 2/3, S: 4400/5133, L: 0.58103, LR: 0.00000423, T: 0:14:34
[TRAIN_F3], E: 2/3, S: 4800/5133, L: 0.57908, LR: 0.00000394, T: 0:15:50
[TRAIN_F3], E: 2/3, S: 5132/5133, L: 0.57834, LR: 0.00000370, T: 0:16:56

VALID_LOOP
[VALID_F3], E: 2/3, S: 0000/1711, L: 0.33711, T: 0:00:00
[VALID_F3], E: 2/3, S: 0400/1711, L: 0.54329, T: 0:00:55
[VALID_F3], E: 2/3, S: 0800/1711, L: 0.59015, T: 0:01:36
[VALID_F3], E: 2/3, S: 1200/1711, L: 0.62025, T: 0:02:12
[VALID_F3], E: 2/3, S: 1600/1711, L: 0.62372, T: 0:02:53
[VALID_F3], E: 2/3, S: 1710/1711, L: 0.62781, T: 0:03:04

-> [SAVED] Fold: 3, Epoch: 2, F1: 0.7801010279469749

-- [Fold: 3, Epoch: 2] DONE --

TRAINL_LOOP
[TRAIN_F3], E: 3/3, S: 0000/5133, L: 0.70708, LR: 0.00000370, T: 0:00:00
[TRAIN_F3], E: 3/3, S: 0400/5133, L: 0.50009, LR: 0.00000341, T: 0:01:20
[TRAIN_F3], E: 3/3, S: 0800/5133, L: 0.48374, LR: 0.00000313, T: 0:02:41
[TRAIN_F3], E: 3/3, S: 1200/5133, L: 0.48645, LR: 0.00000284, T: 0:04:01
[TRAIN_F3], E: 3/3, S: 1600/5133, L: 0.48857, LR: 0.00000255, T: 0:05:20
[TRAIN_F3], E: 3/3, S: 2000/5133, L: 0.48907, LR: 0.00000226, T: 0:06:43
[TRAIN_F3], E: 3/3, S: 2400/5133, L: 0.49001, LR: 0.00000197, T: 0:08:02
[TRAIN_F3], E: 3/3, S: 2800/5133, L: 0.49189, LR: 0.00000168, T: 0:09:18
[TRAIN_F3], E: 3/3, S: 3200/5133, L: 0.48931, LR: 0.00000139, T: 0:10:40
[TRAIN_F3], E: 3/3, S: 3600/5133, L: 0.48620, LR: 0.00000111, T: 0:11:57
[TRAIN_F3], E: 3/3, S: 4000/5133, L: 0.48460, LR: 0.00000082, T: 0:13:13
[TRAIN_F3], E: 3/3, S: 4400/5133, L: 0.48459, LR: 0.00000053, T: 0:14:29
[TRAIN_F3], E: 3/3, S: 4800/5133, L: 0.48355, LR: 0.00000024, T: 0:15:49
[TRAIN_F3], E: 3/3, S: 5132/5133, L: 0.48267, LR: 0.00000000, T: 0:16:56

VALID_LOOP
[VALID_F3], E: 3/3, S: 0000/1711, L: 0.30421, T: 0:00:00
[VALID_F3], E: 3/3, S: 0400/1711, L: 0.54878, T: 0:00:55
[VALID_F3], E: 3/3, S: 0800/1711, L: 0.60120, T: 0:01:35
[VALID_F3], E: 3/3, S: 1200/1711, L: 0.62907, T: 0:02:12
[VALID_F3], E: 3/3, S: 1600/1711, L: 0.63206, T: 0:02:53
[VALID_F3], E: 3/3, S: 1710/1711, L: 0.63631, T: 0:03:04

-> [SAVED] Fold: 3, Epoch: 3, F1: 0.7830145186256409

-- [Fold: 3, Epoch: 3] DONE --

