exp: 197
--- FOLD 0 ---
TRAINL_LOOP
[TRAIN_F0], E: 1/3, S: 0000/1622, L: 5.44342, LR: 0.00001000, T: 0:00:02
[TRAIN_F0], E: 1/3, S: 0200/1622, L: 0.67831, LR: 0.00000959, T: 0:05:16
[TRAIN_F0], E: 1/3, S: 0400/1622, L: 0.53019, LR: 0.00000918, T: 0:10:33
[TRAIN_F0], E: 1/3, S: 0600/1622, L: 0.47871, LR: 0.00000877, T: 0:15:40
[TRAIN_F0], E: 1/3, S: 0800/1622, L: 0.45318, LR: 0.00000836, T: 0:20:58
[TRAIN_F0], E: 1/3, S: 1000/1622, L: 0.43263, LR: 0.00000794, T: 0:25:59
[TRAIN_F0], E: 1/3, S: 1200/1622, L: 0.41611, LR: 0.00000753, T: 0:31:16
[TRAIN_F0], E: 1/3, S: 1400/1622, L: 0.40086, LR: 0.00000712, T: 0:36:25
[TRAIN_F0], E: 1/3, S: 1600/1622, L: 0.38949, LR: 0.00000671, T: 0:41:32
[TRAIN_F0], E: 1/3, S: 1621/1622, L: 0.38912, LR: 0.00000667, T: 0:42:06

VALID_LOOP
[VALID_F0], E: 1/3, S: 000/541, L: 0.60135, T: 0:00:00
[VALID_F0], E: 1/3, S: 200/541, L: 0.32362, T: 0:01:17
[VALID_F0], E: 1/3, S: 400/541, L: 0.32508, T: 0:02:36
[VALID_F0], E: 1/3, S: 540/541, L: 0.32298, T: 0:03:31

-> [SAVED] Fold: 0, Epoch: 1, QWK: 0.7883982978296998

-- [Fold: 0, Epoch: 1] DONE --

TRAINL_LOOP
[TRAIN_F0], E: 2/3, S: 0000/1622, L: 0.08170, LR: 0.00000667, T: 0:00:02
[TRAIN_F0], E: 2/3, S: 0200/1622, L: 0.26073, LR: 0.00000626, T: 0:05:05
[TRAIN_F0], E: 2/3, S: 0400/1622, L: 0.26680, LR: 0.00000584, T: 0:10:17
[TRAIN_F0], E: 2/3, S: 0600/1622, L: 0.26318, LR: 0.00000543, T: 0:15:18
[TRAIN_F0], E: 2/3, S: 0800/1622, L: 0.26476, LR: 0.00000502, T: 0:20:34
[TRAIN_F0], E: 2/3, S: 1000/1622, L: 0.26852, LR: 0.00000461, T: 0:26:05
[TRAIN_F0], E: 2/3, S: 1200/1622, L: 0.26674, LR: 0.00000420, T: 0:31:21
[TRAIN_F0], E: 2/3, S: 1400/1622, L: 0.26319, LR: 0.00000379, T: 0:36:33
[TRAIN_F0], E: 2/3, S: 1600/1622, L: 0.26167, LR: 0.00000338, T: 0:41:39
[TRAIN_F0], E: 2/3, S: 1621/1622, L: 0.26142, LR: 0.00000334, T: 0:42:10

VALID_LOOP
[VALID_F0], E: 2/3, S: 000/541, L: 0.53604, T: 0:00:00
[VALID_F0], E: 2/3, S: 200/541, L: 0.26049, T: 0:01:17
[VALID_F0], E: 2/3, S: 400/541, L: 0.26330, T: 0:02:36
[VALID_F0], E: 2/3, S: 540/541, L: 0.26556, T: 0:03:31

-> [SAVED] Fold: 0, Epoch: 2, QWK: 0.8354464143993192

-- [Fold: 0, Epoch: 2] DONE --

TRAINL_LOOP
[TRAIN_F0], E: 3/3, S: 0000/1622, L: 0.16978, LR: 0.00000333, T: 0:00:02
[TRAIN_F0], E: 3/3, S: 0200/1622, L: 0.21187, LR: 0.00000292, T: 0:05:16
[TRAIN_F0], E: 3/3, S: 0400/1622, L: 0.20474, LR: 0.00000251, T: 0:10:36
[TRAIN_F0], E: 3/3, S: 0600/1622, L: 0.20667, LR: 0.00000210, T: 0:15:40
[TRAIN_F0], E: 3/3, S: 0800/1622, L: 0.21120, LR: 0.00000169, T: 0:20:49
[TRAIN_F0], E: 3/3, S: 1000/1622, L: 0.21340, LR: 0.00000128, T: 0:26:04
[TRAIN_F0], E: 3/3, S: 1200/1622, L: 0.21327, LR: 0.00000087, T: 0:31:16
[TRAIN_F0], E: 3/3, S: 1400/1622, L: 0.21199, LR: 0.00000046, T: 0:36:27
[TRAIN_F0], E: 3/3, S: 1600/1622, L: 0.20959, LR: 0.00000005, T: 0:41:30
[TRAIN_F0], E: 3/3, S: 1621/1622, L: 0.20950, LR: 0.00000000, T: 0:42:05

VALID_LOOP
[VALID_F0], E: 3/3, S: 000/541, L: 0.58842, T: 0:00:01
[VALID_F0], E: 3/3, S: 200/541, L: 0.25438, T: 0:01:17
[VALID_F0], E: 3/3, S: 400/541, L: 0.25815, T: 0:02:36
[VALID_F0], E: 3/3, S: 540/541, L: 0.25900, T: 0:03:31
-- [Fold: 0, Epoch: 3] DONE --

exp: 197
--- FOLD 1 ---
TRAINL_LOOP
[TRAIN_F1], E: 1/3, S: 0000/1622, L: 3.41964, LR: 0.00001000, T: 0:00:01
[TRAIN_F1], E: 1/3, S: 0200/1622, L: 0.78119, LR: 0.00000959, T: 0:05:13
[TRAIN_F1], E: 1/3, S: 0400/1622, L: 0.57758, LR: 0.00000918, T: 0:10:19
[TRAIN_F1], E: 1/3, S: 0600/1622, L: 0.50230, LR: 0.00000877, T: 0:15:21
[TRAIN_F1], E: 1/3, S: 0800/1622, L: 0.46857, LR: 0.00000836, T: 0:20:43
[TRAIN_F1], E: 1/3, S: 1000/1622, L: 0.44602, LR: 0.00000794, T: 0:25:53
[TRAIN_F1], E: 1/3, S: 1200/1622, L: 0.42589, LR: 0.00000753, T: 0:31:05
[TRAIN_F1], E: 1/3, S: 1400/1622, L: 0.41521, LR: 0.00000712, T: 0:36:20
[TRAIN_F1], E: 1/3, S: 1600/1622, L: 0.40108, LR: 0.00000671, T: 0:41:22
[TRAIN_F1], E: 1/3, S: 1621/1622, L: 0.39931, LR: 0.00000667, T: 0:41:54

VALID_LOOP
[VALID_F1], E: 1/3, S: 000/541, L: 0.10597, T: 0:00:01
[VALID_F1], E: 1/3, S: 200/541, L: 0.31595, T: 0:01:21
[VALID_F1], E: 1/3, S: 400/541, L: 0.31760, T: 0:02:38
[VALID_F1], E: 1/3, S: 540/541, L: 0.30825, T: 0:03:34

-> [SAVED] Fold: 1, Epoch: 1, QWK: 0.8114377556019132

-- [Fold: 1, Epoch: 1] DONE --

TRAINL_LOOP
[TRAIN_F1], E: 2/3, S: 0000/1622, L: 0.39328, LR: 0.00000667, T: 0:00:02
[TRAIN_F1], E: 2/3, S: 0200/1622, L: 0.28277, LR: 0.00000626, T: 0:05:08
[TRAIN_F1], E: 2/3, S: 0400/1622, L: 0.27738, LR: 0.00000584, T: 0:10:12
[TRAIN_F1], E: 2/3, S: 0600/1622, L: 0.26870, LR: 0.00000543, T: 0:15:17
[TRAIN_F1], E: 2/3, S: 0800/1622, L: 0.26956, LR: 0.00000502, T: 0:20:30
[TRAIN_F1], E: 2/3, S: 1000/1622, L: 0.26445, LR: 0.00000461, T: 0:25:35
[TRAIN_F1], E: 2/3, S: 1200/1622, L: 0.26531, LR: 0.00000420, T: 0:30:48
[TRAIN_F1], E: 2/3, S: 1400/1622, L: 0.26218, LR: 0.00000379, T: 0:36:01
[TRAIN_F1], E: 2/3, S: 1600/1622, L: 0.26138, LR: 0.00000338, T: 0:41:13
[TRAIN_F1], E: 2/3, S: 1621/1622, L: 0.26093, LR: 0.00000334, T: 0:41:48

VALID_LOOP
[VALID_F1], E: 2/3, S: 000/541, L: 0.10617, T: 0:00:01
[VALID_F1], E: 2/3, S: 200/541, L: 0.27715, T: 0:01:21
[VALID_F1], E: 2/3, S: 400/541, L: 0.28077, T: 0:02:38
[VALID_F1], E: 2/3, S: 540/541, L: 0.27674, T: 0:03:34

-> [SAVED] Fold: 1, Epoch: 2, QWK: 0.8148147270238398

-- [Fold: 1, Epoch: 2] DONE --

TRAINL_LOOP
[TRAIN_F1], E: 3/3, S: 0000/1622, L: 0.16829, LR: 0.00000333, T: 0:00:01
[TRAIN_F1], E: 3/3, S: 0200/1622, L: 0.21825, LR: 0.00000292, T: 0:05:18
[TRAIN_F1], E: 3/3, S: 0400/1622, L: 0.22100, LR: 0.00000251, T: 0:10:23
[TRAIN_F1], E: 3/3, S: 0600/1622, L: 0.22247, LR: 0.00000210, T: 0:15:40
[TRAIN_F1], E: 3/3, S: 0800/1622, L: 0.22032, LR: 0.00000169, T: 0:20:53
[TRAIN_F1], E: 3/3, S: 1000/1622, L: 0.21707, LR: 0.00000128, T: 0:26:02
[TRAIN_F1], E: 3/3, S: 1200/1622, L: 0.21385, LR: 0.00000087, T: 0:31:08
[TRAIN_F1], E: 3/3, S: 1400/1622, L: 0.21283, LR: 0.00000046, T: 0:36:10
[TRAIN_F1], E: 3/3, S: 1600/1622, L: 0.21076, LR: 0.00000005, T: 0:41:20
[TRAIN_F1], E: 3/3, S: 1621/1622, L: 0.21014, LR: 0.00000000, T: 0:41:49

VALID_LOOP
[VALID_F1], E: 3/3, S: 000/541, L: 0.08856, T: 0:00:01
[VALID_F1], E: 3/3, S: 200/541, L: 0.26502, T: 0:01:21
[VALID_F1], E: 3/3, S: 400/541, L: 0.26828, T: 0:02:38
[VALID_F1], E: 3/3, S: 540/541, L: 0.26525, T: 0:03:34

-> [SAVED] Fold: 1, Epoch: 3, QWK: 0.8363405521025729

-- [Fold: 1, Epoch: 3] DONE --

exp: 197
--- FOLD 2 ---
TRAINL_LOOP
[TRAIN_F2], E: 1/3, S: 0000/1622, L: 4.82200, LR: 0.00001000, T: 0:00:03
[TRAIN_F2], E: 1/3, S: 0200/1622, L: 0.81997, LR: 0.00000959, T: 0:05:15
[TRAIN_F2], E: 1/3, S: 0400/1622, L: 0.61471, LR: 0.00000918, T: 0:10:32
[TRAIN_F2], E: 1/3, S: 0600/1622, L: 0.53491, LR: 0.00000877, T: 0:15:40
[TRAIN_F2], E: 1/3, S: 0800/1622, L: 0.49254, LR: 0.00000836, T: 0:20:42
[TRAIN_F2], E: 1/3, S: 1000/1622, L: 0.46061, LR: 0.00000794, T: 0:25:50
[TRAIN_F2], E: 1/3, S: 1200/1622, L: 0.43706, LR: 0.00000753, T: 0:31:07
[TRAIN_F2], E: 1/3, S: 1400/1622, L: 0.42114, LR: 0.00000712, T: 0:36:16
[TRAIN_F2], E: 1/3, S: 1600/1622, L: 0.40740, LR: 0.00000671, T: 0:41:21
[TRAIN_F2], E: 1/3, S: 1621/1622, L: 0.40566, LR: 0.00000667, T: 0:41:54

VALID_LOOP
[VALID_F2], E: 1/3, S: 000/541, L: 0.17391, T: 0:00:01
[VALID_F2], E: 1/3, S: 200/541, L: 0.30245, T: 0:01:19
[VALID_F2], E: 1/3, S: 400/541, L: 0.29663, T: 0:02:40
[VALID_F2], E: 1/3, S: 540/541, L: 0.29537, T: 0:03:37

-> [SAVED] Fold: 2, Epoch: 1, QWK: 0.8288034565100768

-- [Fold: 2, Epoch: 1] DONE --

TRAINL_LOOP
[TRAIN_F2], E: 2/3, S: 0000/1622, L: 0.23009, LR: 0.00000667, T: 0:00:01
[TRAIN_F2], E: 2/3, S: 0200/1622, L: 0.26436, LR: 0.00000626, T: 0:05:09
[TRAIN_F2], E: 2/3, S: 0400/1622, L: 0.26339, LR: 0.00000584, T: 0:10:08
[TRAIN_F2], E: 2/3, S: 0600/1622, L: 0.26637, LR: 0.00000543, T: 0:15:19
[TRAIN_F2], E: 2/3, S: 0800/1622, L: 0.26998, LR: 0.00000502, T: 0:20:24
[TRAIN_F2], E: 2/3, S: 1000/1622, L: 0.26936, LR: 0.00000461, T: 0:25:45
[TRAIN_F2], E: 2/3, S: 1200/1622, L: 0.26617, LR: 0.00000420, T: 0:30:48
[TRAIN_F2], E: 2/3, S: 1400/1622, L: 0.26569, LR: 0.00000379, T: 0:36:01
[TRAIN_F2], E: 2/3, S: 1600/1622, L: 0.26380, LR: 0.00000338, T: 0:41:15
[TRAIN_F2], E: 2/3, S: 1621/1622, L: 0.26389, LR: 0.00000334, T: 0:41:47

VALID_LOOP
[VALID_F2], E: 2/3, S: 000/541, L: 0.13714, T: 0:00:01
[VALID_F2], E: 2/3, S: 200/541, L: 0.26881, T: 0:01:19
[VALID_F2], E: 2/3, S: 400/541, L: 0.26240, T: 0:02:40
[VALID_F2], E: 2/3, S: 540/541, L: 0.26230, T: 0:03:37

-> [SAVED] Fold: 2, Epoch: 2, QWK: 0.8341444987364237

-- [Fold: 2, Epoch: 2] DONE --

TRAINL_LOOP
[TRAIN_F2], E: 3/3, S: 0000/1622, L: 0.20057, LR: 0.00000333, T: 0:00:02
[TRAIN_F2], E: 3/3, S: 0200/1622, L: 0.22335, LR: 0.00000292, T: 0:05:15
[TRAIN_F2], E: 3/3, S: 0400/1622, L: 0.22133, LR: 0.00000251, T: 0:10:30
[TRAIN_F2], E: 3/3, S: 0600/1622, L: 0.22338, LR: 0.00000210, T: 0:15:42
[TRAIN_F2], E: 3/3, S: 0800/1622, L: 0.21754, LR: 0.00000169, T: 0:20:43
[TRAIN_F2], E: 3/3, S: 1000/1622, L: 0.21585, LR: 0.00000128, T: 0:25:45
[TRAIN_F2], E: 3/3, S: 1200/1622, L: 0.21388, LR: 0.00000087, T: 0:30:55
[TRAIN_F2], E: 3/3, S: 1400/1622, L: 0.21282, LR: 0.00000046, T: 0:36:12
[TRAIN_F2], E: 3/3, S: 1600/1622, L: 0.20964, LR: 0.00000005, T: 0:41:17
[TRAIN_F2], E: 3/3, S: 1621/1622, L: 0.20978, LR: 0.00000000, T: 0:41:51

VALID_LOOP
[VALID_F2], E: 3/3, S: 000/541, L: 0.13416, T: 0:00:01
[VALID_F2], E: 3/3, S: 200/541, L: 0.25891, T: 0:01:19
[VALID_F2], E: 3/3, S: 400/541, L: 0.25591, T: 0:02:40
[VALID_F2], E: 3/3, S: 540/541, L: 0.25641, T: 0:03:37

-> [SAVED] Fold: 2, Epoch: 3, QWK: 0.8446223391671969

-- [Fold: 2, Epoch: 3] DONE --

exp: 197
--- FOLD 3 ---
TRAINL_LOOP
[TRAIN_F3], E: 1/3, S: 0000/1622, L: 4.83447, LR: 0.00001000, T: 0:00:02
[TRAIN_F3], E: 1/3, S: 0200/1622, L: 0.71168, LR: 0.00000959, T: 0:05:18
[TRAIN_F3], E: 1/3, S: 0400/1622, L: 0.56755, LR: 0.00000918, T: 0:10:28
[TRAIN_F3], E: 1/3, S: 0600/1622, L: 0.49713, LR: 0.00000877, T: 0:15:40
[TRAIN_F3], E: 1/3, S: 0800/1622, L: 0.46275, LR: 0.00000836, T: 0:20:44
[TRAIN_F3], E: 1/3, S: 1000/1622, L: 0.44137, LR: 0.00000794, T: 0:25:53
[TRAIN_F3], E: 1/3, S: 1200/1622, L: 0.42641, LR: 0.00000753, T: 0:31:01
[TRAIN_F3], E: 1/3, S: 1400/1622, L: 0.40728, LR: 0.00000712, T: 0:36:18
[TRAIN_F3], E: 1/3, S: 1600/1622, L: 0.39550, LR: 0.00000671, T: 0:41:26
[TRAIN_F3], E: 1/3, S: 1621/1622, L: 0.39485, LR: 0.00000667, T: 0:42:05

VALID_LOOP
[VALID_F3], E: 1/3, S: 000/541, L: 0.26604, T: 0:00:01
[VALID_F3], E: 1/3, S: 200/541, L: 0.36357, T: 0:01:19
[VALID_F3], E: 1/3, S: 400/541, L: 0.36627, T: 0:02:35
[VALID_F3], E: 1/3, S: 540/541, L: 0.37429, T: 0:03:30

-> [SAVED] Fold: 3, Epoch: 1, QWK: 0.7645530943148164

-- [Fold: 3, Epoch: 1] DONE --

TRAINL_LOOP
[TRAIN_F3], E: 2/3, S: 0000/1622, L: 0.30162, LR: 0.00000667, T: 0:00:01
[TRAIN_F3], E: 2/3, S: 0200/1622, L: 0.26026, LR: 0.00000626, T: 0:05:05
[TRAIN_F3], E: 2/3, S: 0400/1622, L: 0.25869, LR: 0.00000584, T: 0:10:16
[TRAIN_F3], E: 2/3, S: 0600/1622, L: 0.26119, LR: 0.00000543, T: 0:15:33
[TRAIN_F3], E: 2/3, S: 0800/1622, L: 0.25699, LR: 0.00000502, T: 0:20:41
[TRAIN_F3], E: 2/3, S: 1000/1622, L: 0.25548, LR: 0.00000461, T: 0:25:57
[TRAIN_F3], E: 2/3, S: 1200/1622, L: 0.25696, LR: 0.00000420, T: 0:31:04
[TRAIN_F3], E: 2/3, S: 1400/1622, L: 0.25674, LR: 0.00000379, T: 0:36:17
[TRAIN_F3], E: 2/3, S: 1600/1622, L: 0.25846, LR: 0.00000338, T: 0:41:33
[TRAIN_F3], E: 2/3, S: 1621/1622, L: 0.25799, LR: 0.00000334, T: 0:42:03

VALID_LOOP
[VALID_F3], E: 2/3, S: 000/541, L: 0.12830, T: 0:00:01
[VALID_F3], E: 2/3, S: 200/541, L: 0.27333, T: 0:01:19
[VALID_F3], E: 2/3, S: 400/541, L: 0.27249, T: 0:02:35
[VALID_F3], E: 2/3, S: 540/541, L: 0.27820, T: 0:03:30

-> [SAVED] Fold: 3, Epoch: 2, QWK: 0.8231216276064026

-- [Fold: 3, Epoch: 2] DONE --

TRAINL_LOOP
[TRAIN_F3], E: 3/3, S: 0000/1622, L: 0.23879, LR: 0.00000333, T: 0:00:02
[TRAIN_F3], E: 3/3, S: 0200/1622, L: 0.20812, LR: 0.00000292, T: 0:05:16
[TRAIN_F3], E: 3/3, S: 0400/1622, L: 0.21146, LR: 0.00000251, T: 0:10:13
[TRAIN_F3], E: 3/3, S: 0600/1622, L: 0.20847, LR: 0.00000210, T: 0:15:31
[TRAIN_F3], E: 3/3, S: 0800/1622, L: 0.20880, LR: 0.00000169, T: 0:20:39
[TRAIN_F3], E: 3/3, S: 1000/1622, L: 0.20942, LR: 0.00000128, T: 0:25:55
[TRAIN_F3], E: 3/3, S: 1200/1622, L: 0.20784, LR: 0.00000087, T: 0:31:09
[TRAIN_F3], E: 3/3, S: 1400/1622, L: 0.20679, LR: 0.00000046, T: 0:36:31
[TRAIN_F3], E: 3/3, S: 1600/1622, L: 0.20649, LR: 0.00000005, T: 0:41:50
[TRAIN_F3], E: 3/3, S: 1621/1622, L: 0.20651, LR: 0.00000000, T: 0:42:21

VALID_LOOP
[VALID_F3], E: 3/3, S: 000/541, L: 0.15124, T: 0:00:01
[VALID_F3], E: 3/3, S: 200/541, L: 0.26820, T: 0:01:19
[VALID_F3], E: 3/3, S: 400/541, L: 0.26912, T: 0:02:35
[VALID_F3], E: 3/3, S: 540/541, L: 0.27326, T: 0:03:30

-> [SAVED] Fold: 3, Epoch: 3, QWK: 0.8287042874472276

-- [Fold: 3, Epoch: 3] DONE --

