exp: 186
--- FOLD 0 ---
TRAINL_LOOP
[TRAIN_F0], E: 1/3, S: 0000/1622, L: 3.76559, LR: 0.00001000, T: 0:00:03
[TRAIN_F0], E: 1/3, S: 0200/1622, L: 0.60953, LR: 0.00000959, T: 0:02:28
[TRAIN_F0], E: 1/3, S: 0400/1622, L: 0.48438, LR: 0.00000918, T: 0:04:58
[TRAIN_F0], E: 1/3, S: 0600/1622, L: 0.43723, LR: 0.00000877, T: 0:07:27
[TRAIN_F0], E: 1/3, S: 0800/1622, L: 0.41457, LR: 0.00000836, T: 0:09:45
[TRAIN_F0], E: 1/3, S: 1000/1622, L: 0.39769, LR: 0.00000794, T: 0:12:06
[TRAIN_F0], E: 1/3, S: 1200/1622, L: 0.38551, LR: 0.00000753, T: 0:14:29
[TRAIN_F0], E: 1/3, S: 1400/1622, L: 0.37337, LR: 0.00000712, T: 0:16:45
[TRAIN_F0], E: 1/3, S: 1600/1622, L: 0.36301, LR: 0.00000671, T: 0:19:08
[TRAIN_F0], E: 1/3, S: 1621/1622, L: 0.36189, LR: 0.00000667, T: 0:19:21

VALID_LOOP
[VALID_F0], E: 1/3, S: 000/541, L: 0.30464, T: 0:00:01
[VALID_F0], E: 1/3, S: 200/541, L: 0.25822, T: 0:01:28
[VALID_F0], E: 1/3, S: 400/541, L: 0.26737, T: 0:03:00
[VALID_F0], E: 1/3, S: 540/541, L: 0.26912, T: 0:04:03

-> [SAVED] Fold: 0, Epoch: 1, QWK: 0.8143192758616807

-- [Fold: 0, Epoch: 1] DONE --

TRAINL_LOOP
[TRAIN_F0], E: 2/3, S: 0000/1622, L: 0.35200, LR: 0.00000667, T: 0:00:01
[TRAIN_F0], E: 2/3, S: 0200/1622, L: 0.24550, LR: 0.00000626, T: 0:02:27
[TRAIN_F0], E: 2/3, S: 0400/1622, L: 0.25391, LR: 0.00000584, T: 0:04:52
[TRAIN_F0], E: 2/3, S: 0600/1622, L: 0.25383, LR: 0.00000543, T: 0:07:17
[TRAIN_F0], E: 2/3, S: 0800/1622, L: 0.24872, LR: 0.00000502, T: 0:09:34
[TRAIN_F0], E: 2/3, S: 1000/1622, L: 0.24241, LR: 0.00000461, T: 0:12:03
[TRAIN_F0], E: 2/3, S: 1200/1622, L: 0.24376, LR: 0.00000420, T: 0:14:24
[TRAIN_F0], E: 2/3, S: 1400/1622, L: 0.24504, LR: 0.00000379, T: 0:16:48
[TRAIN_F0], E: 2/3, S: 1600/1622, L: 0.24298, LR: 0.00000338, T: 0:19:11
[TRAIN_F0], E: 2/3, S: 1621/1622, L: 0.24325, LR: 0.00000334, T: 0:19:26

VALID_LOOP
[VALID_F0], E: 2/3, S: 000/541, L: 0.25168, T: 0:00:01
[VALID_F0], E: 2/3, S: 200/541, L: 0.24062, T: 0:01:28
[VALID_F0], E: 2/3, S: 400/541, L: 0.24752, T: 0:03:00
[VALID_F0], E: 2/3, S: 540/541, L: 0.24889, T: 0:04:03

-> [SAVED] Fold: 0, Epoch: 2, QWK: 0.8348857489883325

-- [Fold: 0, Epoch: 2] DONE --

TRAINL_LOOP
[TRAIN_F0], E: 3/3, S: 0000/1622, L: 0.48721, LR: 0.00000333, T: 0:00:01
[TRAIN_F0], E: 3/3, S: 0200/1622, L: 0.20575, LR: 0.00000292, T: 0:02:28
[TRAIN_F0], E: 3/3, S: 0400/1622, L: 0.20084, LR: 0.00000251, T: 0:04:49
[TRAIN_F0], E: 3/3, S: 0600/1622, L: 0.19940, LR: 0.00000210, T: 0:07:16
[TRAIN_F0], E: 3/3, S: 0800/1622, L: 0.19714, LR: 0.00000169, T: 0:09:45
[TRAIN_F0], E: 3/3, S: 1000/1622, L: 0.19387, LR: 0.00000128, T: 0:12:18
[TRAIN_F0], E: 3/3, S: 1200/1622, L: 0.19149, LR: 0.00000087, T: 0:14:36
[TRAIN_F0], E: 3/3, S: 1400/1622, L: 0.18773, LR: 0.00000046, T: 0:16:52
[TRAIN_F0], E: 3/3, S: 1600/1622, L: 0.18669, LR: 0.00000005, T: 0:19:10
[TRAIN_F0], E: 3/3, S: 1621/1622, L: 0.18651, LR: 0.00000000, T: 0:19:25

VALID_LOOP
[VALID_F0], E: 3/3, S: 000/541, L: 0.29176, T: 0:00:01
[VALID_F0], E: 3/3, S: 200/541, L: 0.23433, T: 0:01:28
[VALID_F0], E: 3/3, S: 400/541, L: 0.24005, T: 0:03:00
[VALID_F0], E: 3/3, S: 540/541, L: 0.24166, T: 0:04:03

-> [SAVED] Fold: 0, Epoch: 3, QWK: 0.846345117955936

-- [Fold: 0, Epoch: 3] DONE --

exp: 186
--- FOLD 1 ---
TRAINL_LOOP
[TRAIN_F1], E: 1/3, S: 0000/1622, L: 4.30407, LR: 0.00001000, T: 0:00:01
[TRAIN_F1], E: 1/3, S: 0200/1622, L: 0.64761, LR: 0.00000959, T: 0:02:21
[TRAIN_F1], E: 1/3, S: 0400/1622, L: 0.52909, LR: 0.00000918, T: 0:04:44
[TRAIN_F1], E: 1/3, S: 0600/1622, L: 0.46580, LR: 0.00000877, T: 0:07:02
[TRAIN_F1], E: 1/3, S: 0800/1622, L: 0.42319, LR: 0.00000836, T: 0:09:27
[TRAIN_F1], E: 1/3, S: 1000/1622, L: 0.40344, LR: 0.00000794, T: 0:11:45
[TRAIN_F1], E: 1/3, S: 1200/1622, L: 0.38812, LR: 0.00000753, T: 0:14:05
[TRAIN_F1], E: 1/3, S: 1400/1622, L: 0.37514, LR: 0.00000712, T: 0:16:29
[TRAIN_F1], E: 1/3, S: 1600/1622, L: 0.36631, LR: 0.00000671, T: 0:18:51
[TRAIN_F1], E: 1/3, S: 1621/1622, L: 0.36536, LR: 0.00000667, T: 0:19:08

VALID_LOOP
[VALID_F1], E: 1/3, S: 000/541, L: 0.07555, T: 0:00:01
[VALID_F1], E: 1/3, S: 200/541, L: 0.27796, T: 0:01:35
[VALID_F1], E: 1/3, S: 400/541, L: 0.27276, T: 0:03:05
[VALID_F1], E: 1/3, S: 540/541, L: 0.26814, T: 0:04:10

-> [SAVED] Fold: 1, Epoch: 1, QWK: 0.8413868322352265

-- [Fold: 1, Epoch: 1] DONE --

TRAINL_LOOP
[TRAIN_F1], E: 2/3, S: 0000/1622, L: 0.09321, LR: 0.00000667, T: 0:00:01
[TRAIN_F1], E: 2/3, S: 0200/1622, L: 0.23825, LR: 0.00000626, T: 0:02:23
[TRAIN_F1], E: 2/3, S: 0400/1622, L: 0.24579, LR: 0.00000584, T: 0:04:42
[TRAIN_F1], E: 2/3, S: 0600/1622, L: 0.24793, LR: 0.00000543, T: 0:07:08
[TRAIN_F1], E: 2/3, S: 0800/1622, L: 0.24932, LR: 0.00000502, T: 0:09:28
[TRAIN_F1], E: 2/3, S: 1000/1622, L: 0.24535, LR: 0.00000461, T: 0:11:50
[TRAIN_F1], E: 2/3, S: 1200/1622, L: 0.24311, LR: 0.00000420, T: 0:14:13
[TRAIN_F1], E: 2/3, S: 1400/1622, L: 0.24107, LR: 0.00000379, T: 0:16:30
[TRAIN_F1], E: 2/3, S: 1600/1622, L: 0.24014, LR: 0.00000338, T: 0:18:56
[TRAIN_F1], E: 2/3, S: 1621/1622, L: 0.23994, LR: 0.00000334, T: 0:19:11

VALID_LOOP
[VALID_F1], E: 2/3, S: 000/541, L: 0.05743, T: 0:00:01
[VALID_F1], E: 2/3, S: 200/541, L: 0.27680, T: 0:01:35
[VALID_F1], E: 2/3, S: 400/541, L: 0.27030, T: 0:03:04
[VALID_F1], E: 2/3, S: 540/541, L: 0.26662, T: 0:04:10

-> [SAVED] Fold: 1, Epoch: 2, QWK: 0.845242315829215

-- [Fold: 1, Epoch: 2] DONE --

TRAINL_LOOP
[TRAIN_F1], E: 3/3, S: 0000/1622, L: 0.10184, LR: 0.00000333, T: 0:00:01
[TRAIN_F1], E: 3/3, S: 0200/1622, L: 0.18359, LR: 0.00000292, T: 0:02:22
[TRAIN_F1], E: 3/3, S: 0400/1622, L: 0.19130, LR: 0.00000251, T: 0:04:37
[TRAIN_F1], E: 3/3, S: 0600/1622, L: 0.18688, LR: 0.00000210, T: 0:07:00
[TRAIN_F1], E: 3/3, S: 0800/1622, L: 0.18638, LR: 0.00000169, T: 0:09:24
[TRAIN_F1], E: 3/3, S: 1000/1622, L: 0.18365, LR: 0.00000128, T: 0:11:55
[TRAIN_F1], E: 3/3, S: 1200/1622, L: 0.18466, LR: 0.00000087, T: 0:14:10
[TRAIN_F1], E: 3/3, S: 1400/1622, L: 0.18374, LR: 0.00000046, T: 0:16:31
[TRAIN_F1], E: 3/3, S: 1600/1622, L: 0.18226, LR: 0.00000005, T: 0:18:55
[TRAIN_F1], E: 3/3, S: 1621/1622, L: 0.18180, LR: 0.00000000, T: 0:19:10

VALID_LOOP
[VALID_F1], E: 3/3, S: 000/541, L: 0.04595, T: 0:00:01
[VALID_F1], E: 3/3, S: 200/541, L: 0.25312, T: 0:01:35
[VALID_F1], E: 3/3, S: 400/541, L: 0.25024, T: 0:03:05
[VALID_F1], E: 3/3, S: 540/541, L: 0.24631, T: 0:04:10

-> [SAVED] Fold: 1, Epoch: 3, QWK: 0.8462341577714942

-- [Fold: 1, Epoch: 3] DONE --

exp: 186
--- FOLD 2 ---
TRAINL_LOOP
[TRAIN_F2], E: 1/3, S: 0000/1622, L: 3.93829, LR: 0.00001000, T: 0:00:01
[TRAIN_F2], E: 1/3, S: 0200/1622, L: 0.59908, LR: 0.00000959, T: 0:02:20
[TRAIN_F2], E: 1/3, S: 0400/1622, L: 0.49929, LR: 0.00000918, T: 0:04:45
[TRAIN_F2], E: 1/3, S: 0600/1622, L: 0.44051, LR: 0.00000877, T: 0:07:08
[TRAIN_F2], E: 1/3, S: 0800/1622, L: 0.41502, LR: 0.00000836, T: 0:09:32
[TRAIN_F2], E: 1/3, S: 1000/1622, L: 0.39884, LR: 0.00000794, T: 0:11:49
[TRAIN_F2], E: 1/3, S: 1200/1622, L: 0.38496, LR: 0.00000753, T: 0:14:14
[TRAIN_F2], E: 1/3, S: 1400/1622, L: 0.37400, LR: 0.00000712, T: 0:16:35
[TRAIN_F2], E: 1/3, S: 1600/1622, L: 0.36538, LR: 0.00000671, T: 0:18:55
[TRAIN_F2], E: 1/3, S: 1621/1622, L: 0.36438, LR: 0.00000667, T: 0:19:10

VALID_LOOP
[VALID_F2], E: 1/3, S: 000/541, L: 0.28879, T: 0:00:01
[VALID_F2], E: 1/3, S: 200/541, L: 0.32129, T: 0:01:32
[VALID_F2], E: 1/3, S: 400/541, L: 0.30678, T: 0:03:07
[VALID_F2], E: 1/3, S: 540/541, L: 0.30396, T: 0:04:13

-> [SAVED] Fold: 2, Epoch: 1, QWK: 0.8006001531029305

-- [Fold: 2, Epoch: 1] DONE --

TRAINL_LOOP
[TRAIN_F2], E: 2/3, S: 0000/1622, L: 0.28892, LR: 0.00000667, T: 0:00:01
[TRAIN_F2], E: 2/3, S: 0200/1622, L: 0.27838, LR: 0.00000626, T: 0:02:31
[TRAIN_F2], E: 2/3, S: 0400/1622, L: 0.26952, LR: 0.00000584, T: 0:04:59
[TRAIN_F2], E: 2/3, S: 0600/1622, L: 0.26244, LR: 0.00000543, T: 0:07:24
[TRAIN_F2], E: 2/3, S: 0800/1622, L: 0.25783, LR: 0.00000502, T: 0:09:42
[TRAIN_F2], E: 2/3, S: 1000/1622, L: 0.25349, LR: 0.00000461, T: 0:11:59
[TRAIN_F2], E: 2/3, S: 1200/1622, L: 0.25391, LR: 0.00000420, T: 0:14:24
[TRAIN_F2], E: 2/3, S: 1400/1622, L: 0.25081, LR: 0.00000379, T: 0:16:44
[TRAIN_F2], E: 2/3, S: 1600/1622, L: 0.24770, LR: 0.00000338, T: 0:18:59
[TRAIN_F2], E: 2/3, S: 1621/1622, L: 0.24753, LR: 0.00000334, T: 0:19:12

VALID_LOOP
[VALID_F2], E: 2/3, S: 000/541, L: 0.12354, T: 0:00:01
[VALID_F2], E: 2/3, S: 200/541, L: 0.27102, T: 0:01:32
[VALID_F2], E: 2/3, S: 400/541, L: 0.26270, T: 0:03:07
[VALID_F2], E: 2/3, S: 540/541, L: 0.26104, T: 0:04:13

-> [SAVED] Fold: 2, Epoch: 2, QWK: 0.851184329778112

-- [Fold: 2, Epoch: 2] DONE --

TRAINL_LOOP
[TRAIN_F2], E: 3/3, S: 0000/1622, L: 0.34877, LR: 0.00000333, T: 0:00:01
[TRAIN_F2], E: 3/3, S: 0200/1622, L: 0.18945, LR: 0.00000292, T: 0:02:21
[TRAIN_F2], E: 3/3, S: 0400/1622, L: 0.19040, LR: 0.00000251, T: 0:04:38
[TRAIN_F2], E: 3/3, S: 0600/1622, L: 0.19356, LR: 0.00000210, T: 0:06:56
[TRAIN_F2], E: 3/3, S: 0800/1622, L: 0.19511, LR: 0.00000169, T: 0:09:22
[TRAIN_F2], E: 3/3, S: 1000/1622, L: 0.19092, LR: 0.00000128, T: 0:11:47
[TRAIN_F2], E: 3/3, S: 1200/1622, L: 0.19039, LR: 0.00000087, T: 0:14:12
[TRAIN_F2], E: 3/3, S: 1400/1622, L: 0.19053, LR: 0.00000046, T: 0:16:37
[TRAIN_F2], E: 3/3, S: 1600/1622, L: 0.18907, LR: 0.00000005, T: 0:19:00
[TRAIN_F2], E: 3/3, S: 1621/1622, L: 0.18890, LR: 0.00000000, T: 0:19:13

VALID_LOOP
[VALID_F2], E: 3/3, S: 000/541, L: 0.10504, T: 0:00:01
[VALID_F2], E: 3/3, S: 200/541, L: 0.24536, T: 0:01:32
[VALID_F2], E: 3/3, S: 400/541, L: 0.23947, T: 0:03:07
[VALID_F2], E: 3/3, S: 540/541, L: 0.23835, T: 0:04:13

-> [SAVED] Fold: 2, Epoch: 3, QWK: 0.8551601113444313

-- [Fold: 2, Epoch: 3] DONE --

exp: 186
--- FOLD 3 ---
TRAINL_LOOP
[TRAIN_F3], E: 1/3, S: 0000/1622, L: 1.98567, LR: 0.00001000, T: 0:00:01
[TRAIN_F3], E: 1/3, S: 0200/1622, L: 0.61279, LR: 0.00000959, T: 0:02:24
[TRAIN_F3], E: 1/3, S: 0400/1622, L: 0.49791, LR: 0.00000918, T: 0:04:45
[TRAIN_F3], E: 1/3, S: 0600/1622, L: 0.45600, LR: 0.00000877, T: 0:07:06
[TRAIN_F3], E: 1/3, S: 0800/1622, L: 0.42176, LR: 0.00000836, T: 0:09:29
[TRAIN_F3], E: 1/3, S: 1000/1622, L: 0.40119, LR: 0.00000794, T: 0:11:57
[TRAIN_F3], E: 1/3, S: 1200/1622, L: 0.38539, LR: 0.00000753, T: 0:14:19
[TRAIN_F3], E: 1/3, S: 1400/1622, L: 0.37236, LR: 0.00000712, T: 0:16:44
[TRAIN_F3], E: 1/3, S: 1600/1622, L: 0.36292, LR: 0.00000671, T: 0:19:07
[TRAIN_F3], E: 1/3, S: 1621/1622, L: 0.36288, LR: 0.00000667, T: 0:19:22

VALID_LOOP
[VALID_F3], E: 1/3, S: 000/541, L: 0.30213, T: 0:00:01
[VALID_F3], E: 1/3, S: 200/541, L: 0.37812, T: 0:01:31
[VALID_F3], E: 1/3, S: 400/541, L: 0.38227, T: 0:02:59
[VALID_F3], E: 1/3, S: 540/541, L: 0.38229, T: 0:04:02

-> [SAVED] Fold: 3, Epoch: 1, QWK: 0.7709884751292291

-- [Fold: 3, Epoch: 1] DONE --

TRAINL_LOOP
[TRAIN_F3], E: 2/3, S: 0000/1622, L: 0.46575, LR: 0.00000667, T: 0:00:01
[TRAIN_F3], E: 2/3, S: 0200/1622, L: 0.26292, LR: 0.00000626, T: 0:02:25
[TRAIN_F3], E: 2/3, S: 0400/1622, L: 0.24801, LR: 0.00000584, T: 0:04:48
[TRAIN_F3], E: 2/3, S: 0600/1622, L: 0.24326, LR: 0.00000543, T: 0:07:15
[TRAIN_F3], E: 2/3, S: 0800/1622, L: 0.24258, LR: 0.00000502, T: 0:09:41
[TRAIN_F3], E: 2/3, S: 1000/1622, L: 0.24144, LR: 0.00000461, T: 0:12:07
[TRAIN_F3], E: 2/3, S: 1200/1622, L: 0.24096, LR: 0.00000420, T: 0:14:31
[TRAIN_F3], E: 2/3, S: 1400/1622, L: 0.24193, LR: 0.00000379, T: 0:16:52
[TRAIN_F3], E: 2/3, S: 1600/1622, L: 0.24005, LR: 0.00000338, T: 0:19:12
[TRAIN_F3], E: 2/3, S: 1621/1622, L: 0.24004, LR: 0.00000334, T: 0:19:27

VALID_LOOP
[VALID_F3], E: 2/3, S: 000/541, L: 0.17141, T: 0:00:01
[VALID_F3], E: 2/3, S: 200/541, L: 0.24737, T: 0:01:31
[VALID_F3], E: 2/3, S: 400/541, L: 0.24547, T: 0:02:59
[VALID_F3], E: 2/3, S: 540/541, L: 0.24998, T: 0:04:02

-> [SAVED] Fold: 3, Epoch: 2, QWK: 0.8411850315847701

-- [Fold: 3, Epoch: 2] DONE --

TRAINL_LOOP
[TRAIN_F3], E: 3/3, S: 0000/1622, L: 0.03632, LR: 0.00000333, T: 0:00:01
[TRAIN_F3], E: 3/3, S: 0200/1622, L: 0.19013, LR: 0.00000292, T: 0:02:39
[TRAIN_F3], E: 3/3, S: 0400/1622, L: 0.19141, LR: 0.00000251, T: 0:05:00
[TRAIN_F3], E: 3/3, S: 0600/1622, L: 0.18836, LR: 0.00000210, T: 0:07:21
[TRAIN_F3], E: 3/3, S: 0800/1622, L: 0.18905, LR: 0.00000169, T: 0:09:43
[TRAIN_F3], E: 3/3, S: 1000/1622, L: 0.18779, LR: 0.00000128, T: 0:12:08
[TRAIN_F3], E: 3/3, S: 1200/1622, L: 0.18558, LR: 0.00000087, T: 0:14:31
[TRAIN_F3], E: 3/3, S: 1400/1622, L: 0.18448, LR: 0.00000046, T: 0:16:51
[TRAIN_F3], E: 3/3, S: 1600/1622, L: 0.18297, LR: 0.00000005, T: 0:19:15
[TRAIN_F3], E: 3/3, S: 1621/1622, L: 0.18327, LR: 0.00000000, T: 0:19:29

VALID_LOOP
[VALID_F3], E: 3/3, S: 000/541, L: 0.13811, T: 0:00:01
[VALID_F3], E: 3/3, S: 200/541, L: 0.24767, T: 0:01:31
[VALID_F3], E: 3/3, S: 400/541, L: 0.24439, T: 0:02:59
[VALID_F3], E: 3/3, S: 540/541, L: 0.24986, T: 0:04:02

-> [SAVED] Fold: 3, Epoch: 3, QWK: 0.8456771626173153

-- [Fold: 3, Epoch: 3] DONE --

