exp: 187
--- FOLD 0 ---
TRAINL_LOOP
[TRAIN_F0], E: 1/3, S: 0000/1622, L: 4.94641, LR: 0.00001000, T: 0:00:02
[TRAIN_F0], E: 1/3, S: 0200/1622, L: 0.67725, LR: 0.00000959, T: 0:02:18
[TRAIN_F0], E: 1/3, S: 0400/1622, L: 0.52210, LR: 0.00000918, T: 0:04:25
[TRAIN_F0], E: 1/3, S: 0600/1622, L: 0.46700, LR: 0.00000877, T: 0:06:32
[TRAIN_F0], E: 1/3, S: 0800/1622, L: 0.42971, LR: 0.00000836, T: 0:08:37
[TRAIN_F0], E: 1/3, S: 1000/1622, L: 0.40950, LR: 0.00000794, T: 0:10:49
[TRAIN_F0], E: 1/3, S: 1200/1622, L: 0.39016, LR: 0.00000753, T: 0:12:55
[TRAIN_F0], E: 1/3, S: 1400/1622, L: 0.37806, LR: 0.00000712, T: 0:15:02
[TRAIN_F0], E: 1/3, S: 1600/1622, L: 0.36968, LR: 0.00000671, T: 0:17:11
[TRAIN_F0], E: 1/3, S: 1621/1622, L: 0.36841, LR: 0.00000667, T: 0:17:23

VALID_LOOP
[VALID_F0], E: 1/3, S: 000/541, L: 0.35991, T: 0:00:01
[VALID_F0], E: 1/3, S: 200/541, L: 0.25875, T: 0:01:24
[VALID_F0], E: 1/3, S: 400/541, L: 0.26097, T: 0:02:52
[VALID_F0], E: 1/3, S: 540/541, L: 0.26297, T: 0:03:53

-> [SAVED] Fold: 0, Epoch: 1, QWK: 0.823370482831925

-- [Fold: 0, Epoch: 1] DONE --

TRAINL_LOOP
[TRAIN_F0], E: 2/3, S: 0000/1622, L: 0.24822, LR: 0.00000667, T: 0:00:01
[TRAIN_F0], E: 2/3, S: 0200/1622, L: 0.24361, LR: 0.00000626, T: 0:02:05
[TRAIN_F0], E: 2/3, S: 0400/1622, L: 0.23972, LR: 0.00000584, T: 0:04:12
[TRAIN_F0], E: 2/3, S: 0600/1622, L: 0.23574, LR: 0.00000543, T: 0:06:20
[TRAIN_F0], E: 2/3, S: 0800/1622, L: 0.23633, LR: 0.00000502, T: 0:08:27
[TRAIN_F0], E: 2/3, S: 1000/1622, L: 0.23629, LR: 0.00000461, T: 0:10:37
[TRAIN_F0], E: 2/3, S: 1200/1622, L: 0.23624, LR: 0.00000420, T: 0:12:46
[TRAIN_F0], E: 2/3, S: 1400/1622, L: 0.23478, LR: 0.00000379, T: 0:14:59
[TRAIN_F0], E: 2/3, S: 1600/1622, L: 0.23423, LR: 0.00000338, T: 0:17:06
[TRAIN_F0], E: 2/3, S: 1621/1622, L: 0.23411, LR: 0.00000334, T: 0:17:20

VALID_LOOP
[VALID_F0], E: 2/3, S: 000/541, L: 0.25052, T: 0:00:01
[VALID_F0], E: 2/3, S: 200/541, L: 0.24785, T: 0:01:24
[VALID_F0], E: 2/3, S: 400/541, L: 0.25366, T: 0:02:52
[VALID_F0], E: 2/3, S: 540/541, L: 0.25613, T: 0:03:53

-> [SAVED] Fold: 0, Epoch: 2, QWK: 0.8403335213347544

-- [Fold: 0, Epoch: 2] DONE --

TRAINL_LOOP
[TRAIN_F0], E: 3/3, S: 0000/1622, L: 0.13072, LR: 0.00000333, T: 0:00:01
[TRAIN_F0], E: 3/3, S: 0200/1622, L: 0.18585, LR: 0.00000292, T: 0:02:03
[TRAIN_F0], E: 3/3, S: 0400/1622, L: 0.18317, LR: 0.00000251, T: 0:04:12
[TRAIN_F0], E: 3/3, S: 0600/1622, L: 0.17899, LR: 0.00000210, T: 0:06:19
[TRAIN_F0], E: 3/3, S: 0800/1622, L: 0.17904, LR: 0.00000169, T: 0:08:30
[TRAIN_F0], E: 3/3, S: 1000/1622, L: 0.17642, LR: 0.00000128, T: 0:10:38
[TRAIN_F0], E: 3/3, S: 1200/1622, L: 0.17493, LR: 0.00000087, T: 0:12:52
[TRAIN_F0], E: 3/3, S: 1400/1622, L: 0.17357, LR: 0.00000046, T: 0:15:01
[TRAIN_F0], E: 3/3, S: 1600/1622, L: 0.17301, LR: 0.00000005, T: 0:17:09
[TRAIN_F0], E: 3/3, S: 1621/1622, L: 0.17299, LR: 0.00000000, T: 0:17:21

VALID_LOOP
[VALID_F0], E: 3/3, S: 000/541, L: 0.30575, T: 0:00:01
[VALID_F0], E: 3/3, S: 200/541, L: 0.23858, T: 0:01:24
[VALID_F0], E: 3/3, S: 400/541, L: 0.24147, T: 0:02:52
[VALID_F0], E: 3/3, S: 540/541, L: 0.24457, T: 0:03:53

-> [SAVED] Fold: 0, Epoch: 3, QWK: 0.8422988868812935

-- [Fold: 0, Epoch: 3] DONE --

exp: 187
--- FOLD 1 ---
TRAINL_LOOP
[TRAIN_F1], E: 1/3, S: 0000/1622, L: 7.07839, LR: 0.00001000, T: 0:00:01
[TRAIN_F1], E: 1/3, S: 0200/1622, L: 0.63951, LR: 0.00000959, T: 0:02:06
[TRAIN_F1], E: 1/3, S: 0400/1622, L: 0.50193, LR: 0.00000918, T: 0:04:19
[TRAIN_F1], E: 1/3, S: 0600/1622, L: 0.44849, LR: 0.00000877, T: 0:06:27
[TRAIN_F1], E: 1/3, S: 0800/1622, L: 0.41939, LR: 0.00000836, T: 0:08:35
[TRAIN_F1], E: 1/3, S: 1000/1622, L: 0.39989, LR: 0.00000794, T: 0:10:43
[TRAIN_F1], E: 1/3, S: 1200/1622, L: 0.38114, LR: 0.00000753, T: 0:12:48
[TRAIN_F1], E: 1/3, S: 1400/1622, L: 0.36731, LR: 0.00000712, T: 0:14:50
[TRAIN_F1], E: 1/3, S: 1600/1622, L: 0.35812, LR: 0.00000671, T: 0:16:57
[TRAIN_F1], E: 1/3, S: 1621/1622, L: 0.35677, LR: 0.00000667, T: 0:17:11

VALID_LOOP
[VALID_F1], E: 1/3, S: 000/541, L: 0.06981, T: 0:00:01
[VALID_F1], E: 1/3, S: 200/541, L: 0.28657, T: 0:01:31
[VALID_F1], E: 1/3, S: 400/541, L: 0.28598, T: 0:02:56
[VALID_F1], E: 1/3, S: 540/541, L: 0.27914, T: 0:03:59

-> [SAVED] Fold: 1, Epoch: 1, QWK: 0.8234228558300154

-- [Fold: 1, Epoch: 1] DONE --

TRAINL_LOOP
[TRAIN_F1], E: 2/3, S: 0000/1622, L: 0.27955, LR: 0.00000667, T: 0:00:01
[TRAIN_F1], E: 2/3, S: 0200/1622, L: 0.23881, LR: 0.00000626, T: 0:02:06
[TRAIN_F1], E: 2/3, S: 0400/1622, L: 0.24021, LR: 0.00000584, T: 0:04:13
[TRAIN_F1], E: 2/3, S: 0600/1622, L: 0.24068, LR: 0.00000543, T: 0:06:16
[TRAIN_F1], E: 2/3, S: 0800/1622, L: 0.23599, LR: 0.00000502, T: 0:08:20
[TRAIN_F1], E: 2/3, S: 1000/1622, L: 0.23433, LR: 0.00000461, T: 0:10:30
[TRAIN_F1], E: 2/3, S: 1200/1622, L: 0.23358, LR: 0.00000420, T: 0:12:42
[TRAIN_F1], E: 2/3, S: 1400/1622, L: 0.23045, LR: 0.00000379, T: 0:14:51
[TRAIN_F1], E: 2/3, S: 1600/1622, L: 0.22877, LR: 0.00000338, T: 0:16:59
[TRAIN_F1], E: 2/3, S: 1621/1622, L: 0.22945, LR: 0.00000334, T: 0:17:13

VALID_LOOP
[VALID_F1], E: 2/3, S: 000/541, L: 0.06838, T: 0:00:01
[VALID_F1], E: 2/3, S: 200/541, L: 0.26162, T: 0:01:31
[VALID_F1], E: 2/3, S: 400/541, L: 0.26355, T: 0:02:56
[VALID_F1], E: 2/3, S: 540/541, L: 0.25901, T: 0:03:59

-> [SAVED] Fold: 1, Epoch: 2, QWK: 0.8321171140516557

-- [Fold: 1, Epoch: 2] DONE --

TRAINL_LOOP
[TRAIN_F1], E: 3/3, S: 0000/1622, L: 0.18723, LR: 0.00000333, T: 0:00:01
[TRAIN_F1], E: 3/3, S: 0200/1622, L: 0.17292, LR: 0.00000292, T: 0:02:02
[TRAIN_F1], E: 3/3, S: 0400/1622, L: 0.17285, LR: 0.00000251, T: 0:04:17
[TRAIN_F1], E: 3/3, S: 0600/1622, L: 0.17481, LR: 0.00000210, T: 0:06:26
[TRAIN_F1], E: 3/3, S: 0800/1622, L: 0.17098, LR: 0.00000169, T: 0:08:32
[TRAIN_F1], E: 3/3, S: 1000/1622, L: 0.17187, LR: 0.00000128, T: 0:10:39
[TRAIN_F1], E: 3/3, S: 1200/1622, L: 0.17152, LR: 0.00000087, T: 0:12:52
[TRAIN_F1], E: 3/3, S: 1400/1622, L: 0.17130, LR: 0.00000046, T: 0:14:58
[TRAIN_F1], E: 3/3, S: 1600/1622, L: 0.17097, LR: 0.00000005, T: 0:17:03
[TRAIN_F1], E: 3/3, S: 1621/1622, L: 0.17089, LR: 0.00000000, T: 0:17:18

VALID_LOOP
[VALID_F1], E: 3/3, S: 000/541, L: 0.04754, T: 0:00:01
[VALID_F1], E: 3/3, S: 200/541, L: 0.25519, T: 0:01:31
[VALID_F1], E: 3/3, S: 400/541, L: 0.25558, T: 0:02:56
[VALID_F1], E: 3/3, S: 540/541, L: 0.25169, T: 0:03:59

-> [SAVED] Fold: 1, Epoch: 3, QWK: 0.8447574472744378

-- [Fold: 1, Epoch: 3] DONE --

exp: 187
--- FOLD 2 ---
TRAINL_LOOP
[TRAIN_F2], E: 1/3, S: 0000/1622, L: 3.88862, LR: 0.00001000, T: 0:00:01
[TRAIN_F2], E: 1/3, S: 0200/1622, L: 0.71491, LR: 0.00000959, T: 0:02:10
[TRAIN_F2], E: 1/3, S: 0400/1622, L: 0.53318, LR: 0.00000918, T: 0:04:15
[TRAIN_F2], E: 1/3, S: 0600/1622, L: 0.45637, LR: 0.00000877, T: 0:06:22
[TRAIN_F2], E: 1/3, S: 0800/1622, L: 0.42776, LR: 0.00000836, T: 0:08:28
[TRAIN_F2], E: 1/3, S: 1000/1622, L: 0.40393, LR: 0.00000794, T: 0:10:30
[TRAIN_F2], E: 1/3, S: 1200/1622, L: 0.38845, LR: 0.00000753, T: 0:12:45
[TRAIN_F2], E: 1/3, S: 1400/1622, L: 0.37963, LR: 0.00000712, T: 0:14:53
[TRAIN_F2], E: 1/3, S: 1600/1622, L: 0.36858, LR: 0.00000671, T: 0:16:56
[TRAIN_F2], E: 1/3, S: 1621/1622, L: 0.36832, LR: 0.00000667, T: 0:17:09

VALID_LOOP
[VALID_F2], E: 1/3, S: 000/541, L: 0.12855, T: 0:00:01
[VALID_F2], E: 1/3, S: 200/541, L: 0.30224, T: 0:01:27
[VALID_F2], E: 1/3, S: 400/541, L: 0.30165, T: 0:02:59
[VALID_F2], E: 1/3, S: 540/541, L: 0.30555, T: 0:04:03

-> [SAVED] Fold: 2, Epoch: 1, QWK: 0.7987498638897323

-- [Fold: 2, Epoch: 1] DONE --

TRAINL_LOOP
[TRAIN_F2], E: 2/3, S: 0000/1622, L: 0.62241, LR: 0.00000667, T: 0:00:01
[TRAIN_F2], E: 2/3, S: 0200/1622, L: 0.23371, LR: 0.00000626, T: 0:02:06
[TRAIN_F2], E: 2/3, S: 0400/1622, L: 0.23239, LR: 0.00000584, T: 0:04:12
[TRAIN_F2], E: 2/3, S: 0600/1622, L: 0.24284, LR: 0.00000543, T: 0:06:20
[TRAIN_F2], E: 2/3, S: 0800/1622, L: 0.23647, LR: 0.00000502, T: 0:08:28
[TRAIN_F2], E: 2/3, S: 1000/1622, L: 0.24176, LR: 0.00000461, T: 0:10:36
[TRAIN_F2], E: 2/3, S: 1200/1622, L: 0.24003, LR: 0.00000420, T: 0:12:42
[TRAIN_F2], E: 2/3, S: 1400/1622, L: 0.23822, LR: 0.00000379, T: 0:14:47
[TRAIN_F2], E: 2/3, S: 1600/1622, L: 0.23738, LR: 0.00000338, T: 0:16:58
[TRAIN_F2], E: 2/3, S: 1621/1622, L: 0.23645, LR: 0.00000334, T: 0:17:10

VALID_LOOP
[VALID_F2], E: 2/3, S: 000/541, L: 0.08439, T: 0:00:01
[VALID_F2], E: 2/3, S: 200/541, L: 0.27250, T: 0:01:27
[VALID_F2], E: 2/3, S: 400/541, L: 0.27322, T: 0:02:59
[VALID_F2], E: 2/3, S: 540/541, L: 0.27321, T: 0:04:03

-> [SAVED] Fold: 2, Epoch: 2, QWK: 0.8226609229299331

-- [Fold: 2, Epoch: 2] DONE --

TRAINL_LOOP
[TRAIN_F2], E: 3/3, S: 0000/1622, L: 0.20927, LR: 0.00000333, T: 0:00:01
[TRAIN_F2], E: 3/3, S: 0200/1622, L: 0.17885, LR: 0.00000292, T: 0:02:06
[TRAIN_F2], E: 3/3, S: 0400/1622, L: 0.17917, LR: 0.00000251, T: 0:04:07
[TRAIN_F2], E: 3/3, S: 0600/1622, L: 0.17758, LR: 0.00000210, T: 0:06:08
[TRAIN_F2], E: 3/3, S: 0800/1622, L: 0.17768, LR: 0.00000169, T: 0:08:19
[TRAIN_F2], E: 3/3, S: 1000/1622, L: 0.17783, LR: 0.00000128, T: 0:10:25
[TRAIN_F2], E: 3/3, S: 1200/1622, L: 0.17668, LR: 0.00000087, T: 0:12:34
[TRAIN_F2], E: 3/3, S: 1400/1622, L: 0.17630, LR: 0.00000046, T: 0:14:50
[TRAIN_F2], E: 3/3, S: 1600/1622, L: 0.17484, LR: 0.00000005, T: 0:16:54
[TRAIN_F2], E: 3/3, S: 1621/1622, L: 0.17447, LR: 0.00000000, T: 0:17:08

VALID_LOOP
[VALID_F2], E: 3/3, S: 000/541, L: 0.05951, T: 0:00:01
[VALID_F2], E: 3/3, S: 200/541, L: 0.24733, T: 0:01:27
[VALID_F2], E: 3/3, S: 400/541, L: 0.24701, T: 0:02:59
[VALID_F2], E: 3/3, S: 540/541, L: 0.24442, T: 0:04:03

-> [SAVED] Fold: 2, Epoch: 3, QWK: 0.8514350150153092

-- [Fold: 2, Epoch: 3] DONE --

exp: 187
--- FOLD 3 ---
TRAINL_LOOP
[TRAIN_F3], E: 1/3, S: 0000/1622, L: 8.00219, LR: 0.00001000, T: 0:00:01
[TRAIN_F3], E: 1/3, S: 0200/1622, L: 0.73524, LR: 0.00000959, T: 0:02:16
[TRAIN_F3], E: 1/3, S: 0400/1622, L: 0.55617, LR: 0.00000918, T: 0:04:22
[TRAIN_F3], E: 1/3, S: 0600/1622, L: 0.47788, LR: 0.00000877, T: 0:06:31
[TRAIN_F3], E: 1/3, S: 0800/1622, L: 0.44012, LR: 0.00000836, T: 0:08:42
[TRAIN_F3], E: 1/3, S: 1000/1622, L: 0.41431, LR: 0.00000794, T: 0:10:52
[TRAIN_F3], E: 1/3, S: 1200/1622, L: 0.39778, LR: 0.00000753, T: 0:12:59
[TRAIN_F3], E: 1/3, S: 1400/1622, L: 0.38321, LR: 0.00000712, T: 0:15:06
[TRAIN_F3], E: 1/3, S: 1600/1622, L: 0.37234, LR: 0.00000671, T: 0:17:14
[TRAIN_F3], E: 1/3, S: 1621/1622, L: 0.37171, LR: 0.00000667, T: 0:17:26

VALID_LOOP
[VALID_F3], E: 1/3, S: 000/541, L: 0.13122, T: 0:00:01
[VALID_F3], E: 1/3, S: 200/541, L: 0.27419, T: 0:01:27
[VALID_F3], E: 1/3, S: 400/541, L: 0.27672, T: 0:02:50
[VALID_F3], E: 1/3, S: 540/541, L: 0.27861, T: 0:03:51

-> [SAVED] Fold: 3, Epoch: 1, QWK: 0.8236719836376251

-- [Fold: 3, Epoch: 1] DONE --

TRAINL_LOOP
[TRAIN_F3], E: 2/3, S: 0000/1622, L: 0.15835, LR: 0.00000667, T: 0:00:01
[TRAIN_F3], E: 2/3, S: 0200/1622, L: 0.24411, LR: 0.00000626, T: 0:02:15
[TRAIN_F3], E: 2/3, S: 0400/1622, L: 0.23338, LR: 0.00000584, T: 0:04:23
[TRAIN_F3], E: 2/3, S: 0600/1622, L: 0.24252, LR: 0.00000543, T: 0:06:32
[TRAIN_F3], E: 2/3, S: 0800/1622, L: 0.24289, LR: 0.00000502, T: 0:08:36
[TRAIN_F3], E: 2/3, S: 1000/1622, L: 0.24088, LR: 0.00000461, T: 0:10:41
[TRAIN_F3], E: 2/3, S: 1200/1622, L: 0.23903, LR: 0.00000420, T: 0:12:47
[TRAIN_F3], E: 2/3, S: 1400/1622, L: 0.23695, LR: 0.00000379, T: 0:14:57
[TRAIN_F3], E: 2/3, S: 1600/1622, L: 0.23491, LR: 0.00000338, T: 0:17:16
[TRAIN_F3], E: 2/3, S: 1621/1622, L: 0.23514, LR: 0.00000334, T: 0:17:28

VALID_LOOP
[VALID_F3], E: 2/3, S: 000/541, L: 0.12921, T: 0:00:01
[VALID_F3], E: 2/3, S: 200/541, L: 0.25917, T: 0:01:27
[VALID_F3], E: 2/3, S: 400/541, L: 0.25708, T: 0:02:50
[VALID_F3], E: 2/3, S: 540/541, L: 0.26382, T: 0:03:51

-> [SAVED] Fold: 3, Epoch: 2, QWK: 0.8332273833756764

-- [Fold: 3, Epoch: 2] DONE --

TRAINL_LOOP
[TRAIN_F3], E: 3/3, S: 0000/1622, L: 0.11176, LR: 0.00000333, T: 0:00:01
[TRAIN_F3], E: 3/3, S: 0200/1622, L: 0.18150, LR: 0.00000292, T: 0:02:10
[TRAIN_F3], E: 3/3, S: 0400/1622, L: 0.18265, LR: 0.00000251, T: 0:04:24
[TRAIN_F3], E: 3/3, S: 0600/1622, L: 0.18307, LR: 0.00000210, T: 0:06:33
[TRAIN_F3], E: 3/3, S: 0800/1622, L: 0.18276, LR: 0.00000169, T: 0:08:44
[TRAIN_F3], E: 3/3, S: 1000/1622, L: 0.18092, LR: 0.00000128, T: 0:10:56
[TRAIN_F3], E: 3/3, S: 1200/1622, L: 0.17964, LR: 0.00000087, T: 0:13:00
[TRAIN_F3], E: 3/3, S: 1400/1622, L: 0.17952, LR: 0.00000046, T: 0:15:11
[TRAIN_F3], E: 3/3, S: 1600/1622, L: 0.17788, LR: 0.00000005, T: 0:17:14
[TRAIN_F3], E: 3/3, S: 1621/1622, L: 0.17771, LR: 0.00000000, T: 0:17:29

VALID_LOOP
[VALID_F3], E: 3/3, S: 000/541, L: 0.11497, T: 0:00:01
[VALID_F3], E: 3/3, S: 200/541, L: 0.25219, T: 0:01:27
[VALID_F3], E: 3/3, S: 400/541, L: 0.24678, T: 0:02:50
[VALID_F3], E: 3/3, S: 540/541, L: 0.25128, T: 0:03:51

-> [SAVED] Fold: 3, Epoch: 3, QWK: 0.8423462018742087

-- [Fold: 3, Epoch: 3] DONE --

