exp: 181
--- FOLD 0 ---
TRAINL_LOOP
[TRAIN_F0], E: 1/3, S: 0000/1622, L: 2.20630, LR: 0.00001000, T: 0:00:01
[TRAIN_F0], E: 1/3, S: 0200/1622, L: 0.31157, LR: 0.00000959, T: 0:02:16
[TRAIN_F0], E: 1/3, S: 0400/1622, L: 0.24411, LR: 0.00000918, T: 0:04:24
[TRAIN_F0], E: 1/3, S: 0600/1622, L: 0.21868, LR: 0.00000877, T: 0:06:30
[TRAIN_F0], E: 1/3, S: 0800/1622, L: 0.20181, LR: 0.00000836, T: 0:08:36
[TRAIN_F0], E: 1/3, S: 1000/1622, L: 0.19355, LR: 0.00000794, T: 0:10:48
[TRAIN_F0], E: 1/3, S: 1200/1622, L: 0.18629, LR: 0.00000753, T: 0:12:53
[TRAIN_F0], E: 1/3, S: 1400/1622, L: 0.18078, LR: 0.00000712, T: 0:15:00
[TRAIN_F0], E: 1/3, S: 1600/1622, L: 0.17720, LR: 0.00000671, T: 0:17:09
[TRAIN_F0], E: 1/3, S: 1621/1622, L: 0.17662, LR: 0.00000667, T: 0:17:22

VALID_LOOP
[VALID_F0], E: 1/3, S: 000/541, L: 0.21922, T: 0:00:01
[VALID_F0], E: 1/3, S: 200/541, L: 0.13172, T: 0:01:24
[VALID_F0], E: 1/3, S: 400/541, L: 0.13328, T: 0:02:52
[VALID_F0], E: 1/3, S: 540/541, L: 0.13456, T: 0:03:53

-> [SAVED] Fold: 0, Epoch: 1, QWK: 0.8142801921202629

-- [Fold: 0, Epoch: 1] DONE --

TRAINL_LOOP
[TRAIN_F0], E: 2/3, S: 0000/1622, L: 0.10846, LR: 0.00000667, T: 0:00:01
[TRAIN_F0], E: 2/3, S: 0200/1622, L: 0.11678, LR: 0.00000626, T: 0:02:08
[TRAIN_F0], E: 2/3, S: 0400/1622, L: 0.11317, LR: 0.00000584, T: 0:04:14
[TRAIN_F0], E: 2/3, S: 0600/1622, L: 0.11149, LR: 0.00000543, T: 0:06:23
[TRAIN_F0], E: 2/3, S: 0800/1622, L: 0.11289, LR: 0.00000502, T: 0:08:29
[TRAIN_F0], E: 2/3, S: 1000/1622, L: 0.11322, LR: 0.00000461, T: 0:10:39
[TRAIN_F0], E: 2/3, S: 1200/1622, L: 0.11319, LR: 0.00000420, T: 0:12:48
[TRAIN_F0], E: 2/3, S: 1400/1622, L: 0.11207, LR: 0.00000379, T: 0:15:02
[TRAIN_F0], E: 2/3, S: 1600/1622, L: 0.11171, LR: 0.00000338, T: 0:17:09
[TRAIN_F0], E: 2/3, S: 1621/1622, L: 0.11164, LR: 0.00000334, T: 0:17:23

VALID_LOOP
[VALID_F0], E: 2/3, S: 000/541, L: 0.13778, T: 0:00:01
[VALID_F0], E: 2/3, S: 200/541, L: 0.12597, T: 0:01:24
[VALID_F0], E: 2/3, S: 400/541, L: 0.12942, T: 0:02:52
[VALID_F0], E: 2/3, S: 540/541, L: 0.13122, T: 0:03:53

-> [SAVED] Fold: 0, Epoch: 2, QWK: 0.8356757748719965

-- [Fold: 0, Epoch: 2] DONE --

TRAINL_LOOP
[TRAIN_F0], E: 3/3, S: 0000/1622, L: 0.06037, LR: 0.00000333, T: 0:00:01
[TRAIN_F0], E: 3/3, S: 0200/1622, L: 0.07923, LR: 0.00000292, T: 0:02:03
[TRAIN_F0], E: 3/3, S: 0400/1622, L: 0.07674, LR: 0.00000251, T: 0:04:13
[TRAIN_F0], E: 3/3, S: 0600/1622, L: 0.07441, LR: 0.00000210, T: 0:06:20
[TRAIN_F0], E: 3/3, S: 0800/1622, L: 0.07404, LR: 0.00000169, T: 0:08:31
[TRAIN_F0], E: 3/3, S: 1000/1622, L: 0.07328, LR: 0.00000128, T: 0:10:38
[TRAIN_F0], E: 3/3, S: 1200/1622, L: 0.07250, LR: 0.00000087, T: 0:12:52
[TRAIN_F0], E: 3/3, S: 1400/1622, L: 0.07187, LR: 0.00000046, T: 0:15:02
[TRAIN_F0], E: 3/3, S: 1600/1622, L: 0.07142, LR: 0.00000005, T: 0:17:09
[TRAIN_F0], E: 3/3, S: 1621/1622, L: 0.07132, LR: 0.00000000, T: 0:17:22

VALID_LOOP
[VALID_F0], E: 3/3, S: 000/541, L: 0.21331, T: 0:00:01
[VALID_F0], E: 3/3, S: 200/541, L: 0.12125, T: 0:01:24
[VALID_F0], E: 3/3, S: 400/541, L: 0.12355, T: 0:02:52
[VALID_F0], E: 3/3, S: 540/541, L: 0.12522, T: 0:03:53

-> [SAVED] Fold: 0, Epoch: 3, QWK: 0.8363728039673864

-- [Fold: 0, Epoch: 3] DONE --

exp: 181
--- FOLD 1 ---
TRAINL_LOOP
[TRAIN_F1], E: 1/3, S: 0000/1622, L: 2.36443, LR: 0.00001000, T: 0:00:01
[TRAIN_F1], E: 1/3, S: 0200/1622, L: 0.27766, LR: 0.00000959, T: 0:02:06
[TRAIN_F1], E: 1/3, S: 0400/1622, L: 0.22835, LR: 0.00000918, T: 0:04:19
[TRAIN_F1], E: 1/3, S: 0600/1622, L: 0.20676, LR: 0.00000877, T: 0:06:26
[TRAIN_F1], E: 1/3, S: 0800/1622, L: 0.19411, LR: 0.00000836, T: 0:08:34
[TRAIN_F1], E: 1/3, S: 1000/1622, L: 0.18776, LR: 0.00000794, T: 0:10:42
[TRAIN_F1], E: 1/3, S: 1200/1622, L: 0.17990, LR: 0.00000753, T: 0:12:47
[TRAIN_F1], E: 1/3, S: 1400/1622, L: 0.17384, LR: 0.00000712, T: 0:14:49
[TRAIN_F1], E: 1/3, S: 1600/1622, L: 0.17014, LR: 0.00000671, T: 0:16:55
[TRAIN_F1], E: 1/3, S: 1621/1622, L: 0.16957, LR: 0.00000667, T: 0:17:10

VALID_LOOP
[VALID_F1], E: 1/3, S: 000/541, L: 0.03399, T: 0:00:01
[VALID_F1], E: 1/3, S: 200/541, L: 0.13840, T: 0:01:31
[VALID_F1], E: 1/3, S: 400/541, L: 0.13697, T: 0:02:56
[VALID_F1], E: 1/3, S: 540/541, L: 0.13430, T: 0:03:58

-> [SAVED] Fold: 1, Epoch: 1, QWK: 0.8285653431644007

-- [Fold: 1, Epoch: 1] DONE --

TRAINL_LOOP
[TRAIN_F1], E: 2/3, S: 0000/1622, L: 0.15767, LR: 0.00000667, T: 0:00:01
[TRAIN_F1], E: 2/3, S: 0200/1622, L: 0.12461, LR: 0.00000626, T: 0:02:09
[TRAIN_F1], E: 2/3, S: 0400/1622, L: 0.11983, LR: 0.00000584, T: 0:04:15
[TRAIN_F1], E: 2/3, S: 0600/1622, L: 0.11702, LR: 0.00000543, T: 0:06:19
[TRAIN_F1], E: 2/3, S: 0800/1622, L: 0.11337, LR: 0.00000502, T: 0:08:22
[TRAIN_F1], E: 2/3, S: 1000/1622, L: 0.11229, LR: 0.00000461, T: 0:10:32
[TRAIN_F1], E: 2/3, S: 1200/1622, L: 0.11200, LR: 0.00000420, T: 0:12:45
[TRAIN_F1], E: 2/3, S: 1400/1622, L: 0.11080, LR: 0.00000379, T: 0:14:53
[TRAIN_F1], E: 2/3, S: 1600/1622, L: 0.10984, LR: 0.00000338, T: 0:17:02
[TRAIN_F1], E: 2/3, S: 1621/1622, L: 0.11001, LR: 0.00000334, T: 0:17:15

VALID_LOOP
[VALID_F1], E: 2/3, S: 000/541, L: 0.05050, T: 0:00:01
[VALID_F1], E: 2/3, S: 200/541, L: 0.13177, T: 0:01:31
[VALID_F1], E: 2/3, S: 400/541, L: 0.13094, T: 0:02:56
[VALID_F1], E: 2/3, S: 540/541, L: 0.12970, T: 0:03:58

-> [SAVED] Fold: 1, Epoch: 2, QWK: 0.8319330194469026

-- [Fold: 1, Epoch: 2] DONE --

TRAINL_LOOP
[TRAIN_F1], E: 3/3, S: 0000/1622, L: 0.09401, LR: 0.00000333, T: 0:00:01
[TRAIN_F1], E: 3/3, S: 0200/1622, L: 0.07578, LR: 0.00000292, T: 0:02:02
[TRAIN_F1], E: 3/3, S: 0400/1622, L: 0.07475, LR: 0.00000251, T: 0:04:17
[TRAIN_F1], E: 3/3, S: 0600/1622, L: 0.07516, LR: 0.00000210, T: 0:06:26
[TRAIN_F1], E: 3/3, S: 0800/1622, L: 0.07362, LR: 0.00000169, T: 0:08:32
[TRAIN_F1], E: 3/3, S: 1000/1622, L: 0.07340, LR: 0.00000128, T: 0:10:39
[TRAIN_F1], E: 3/3, S: 1200/1622, L: 0.07321, LR: 0.00000087, T: 0:12:52
[TRAIN_F1], E: 3/3, S: 1400/1622, L: 0.07311, LR: 0.00000046, T: 0:14:58
[TRAIN_F1], E: 3/3, S: 1600/1622, L: 0.07242, LR: 0.00000005, T: 0:17:04
[TRAIN_F1], E: 3/3, S: 1621/1622, L: 0.07233, LR: 0.00000000, T: 0:17:19

VALID_LOOP
[VALID_F1], E: 3/3, S: 000/541, L: 0.02793, T: 0:00:01
[VALID_F1], E: 3/3, S: 200/541, L: 0.12715, T: 0:01:31
[VALID_F1], E: 3/3, S: 400/541, L: 0.12498, T: 0:02:56
[VALID_F1], E: 3/3, S: 540/541, L: 0.12373, T: 0:03:58

-> [SAVED] Fold: 1, Epoch: 3, QWK: 0.8465420321589822

-- [Fold: 1, Epoch: 3] DONE --

exp: 181
--- FOLD 2 ---
TRAINL_LOOP
[TRAIN_F2], E: 1/3, S: 0000/1622, L: 1.54354, LR: 0.00001000, T: 0:00:01
[TRAIN_F2], E: 1/3, S: 0200/1622, L: 0.31617, LR: 0.00000959, T: 0:02:10
[TRAIN_F2], E: 1/3, S: 0400/1622, L: 0.24294, LR: 0.00000918, T: 0:04:15
[TRAIN_F2], E: 1/3, S: 0600/1622, L: 0.21175, LR: 0.00000877, T: 0:06:23
[TRAIN_F2], E: 1/3, S: 0800/1622, L: 0.20192, LR: 0.00000836, T: 0:08:29
[TRAIN_F2], E: 1/3, S: 1000/1622, L: 0.19296, LR: 0.00000794, T: 0:10:30
[TRAIN_F2], E: 1/3, S: 1200/1622, L: 0.18655, LR: 0.00000753, T: 0:12:45
[TRAIN_F2], E: 1/3, S: 1400/1622, L: 0.18306, LR: 0.00000712, T: 0:14:53
[TRAIN_F2], E: 1/3, S: 1600/1622, L: 0.17765, LR: 0.00000671, T: 0:16:56
[TRAIN_F2], E: 1/3, S: 1621/1622, L: 0.17749, LR: 0.00000667, T: 0:17:09

VALID_LOOP
[VALID_F2], E: 1/3, S: 000/541, L: 0.08720, T: 0:00:01
[VALID_F2], E: 1/3, S: 200/541, L: 0.15344, T: 0:01:27
[VALID_F2], E: 1/3, S: 400/541, L: 0.15427, T: 0:02:59
[VALID_F2], E: 1/3, S: 540/541, L: 0.15605, T: 0:04:02

-> [SAVED] Fold: 2, Epoch: 1, QWK: 0.788787586993705

-- [Fold: 2, Epoch: 1] DONE --

TRAINL_LOOP
[TRAIN_F2], E: 2/3, S: 0000/1622, L: 0.28724, LR: 0.00000667, T: 0:00:01
[TRAIN_F2], E: 2/3, S: 0200/1622, L: 0.11412, LR: 0.00000626, T: 0:02:06
[TRAIN_F2], E: 2/3, S: 0400/1622, L: 0.11247, LR: 0.00000584, T: 0:04:12
[TRAIN_F2], E: 2/3, S: 0600/1622, L: 0.11501, LR: 0.00000543, T: 0:06:19
[TRAIN_F2], E: 2/3, S: 0800/1622, L: 0.11223, LR: 0.00000502, T: 0:08:28
[TRAIN_F2], E: 2/3, S: 1000/1622, L: 0.11427, LR: 0.00000461, T: 0:10:36
[TRAIN_F2], E: 2/3, S: 1200/1622, L: 0.11319, LR: 0.00000420, T: 0:12:42
[TRAIN_F2], E: 2/3, S: 1400/1622, L: 0.11254, LR: 0.00000379, T: 0:14:46
[TRAIN_F2], E: 2/3, S: 1600/1622, L: 0.11237, LR: 0.00000338, T: 0:16:57
[TRAIN_F2], E: 2/3, S: 1621/1622, L: 0.11192, LR: 0.00000334, T: 0:17:09

VALID_LOOP
[VALID_F2], E: 2/3, S: 000/541, L: 0.03290, T: 0:00:01
[VALID_F2], E: 2/3, S: 200/541, L: 0.13625, T: 0:01:27
[VALID_F2], E: 2/3, S: 400/541, L: 0.13717, T: 0:02:59
[VALID_F2], E: 2/3, S: 540/541, L: 0.13803, T: 0:04:02

-> [SAVED] Fold: 2, Epoch: 2, QWK: 0.8251021357537164

-- [Fold: 2, Epoch: 2] DONE --

TRAINL_LOOP
[TRAIN_F2], E: 3/3, S: 0000/1622, L: 0.10708, LR: 0.00000333, T: 0:00:01
[TRAIN_F2], E: 3/3, S: 0200/1622, L: 0.07559, LR: 0.00000292, T: 0:02:06
[TRAIN_F2], E: 3/3, S: 0400/1622, L: 0.07477, LR: 0.00000251, T: 0:04:07
[TRAIN_F2], E: 3/3, S: 0600/1622, L: 0.07301, LR: 0.00000210, T: 0:06:08
[TRAIN_F2], E: 3/3, S: 0800/1622, L: 0.07266, LR: 0.00000169, T: 0:08:19
[TRAIN_F2], E: 3/3, S: 1000/1622, L: 0.07256, LR: 0.00000128, T: 0:10:25
[TRAIN_F2], E: 3/3, S: 1200/1622, L: 0.07185, LR: 0.00000087, T: 0:12:34
[TRAIN_F2], E: 3/3, S: 1400/1622, L: 0.07171, LR: 0.00000046, T: 0:14:49
[TRAIN_F2], E: 3/3, S: 1600/1622, L: 0.07080, LR: 0.00000005, T: 0:16:54
[TRAIN_F2], E: 3/3, S: 1621/1622, L: 0.07067, LR: 0.00000000, T: 0:17:08

VALID_LOOP
[VALID_F2], E: 3/3, S: 000/541, L: 0.02494, T: 0:00:01
[VALID_F2], E: 3/3, S: 200/541, L: 0.12407, T: 0:01:27
[VALID_F2], E: 3/3, S: 400/541, L: 0.12422, T: 0:02:59
[VALID_F2], E: 3/3, S: 540/541, L: 0.12341, T: 0:04:02

-> [SAVED] Fold: 2, Epoch: 3, QWK: 0.8466010617668563

-- [Fold: 2, Epoch: 3] DONE --

exp: 181
--- FOLD 3 ---
TRAINL_LOOP
[TRAIN_F3], E: 1/3, S: 0000/1622, L: 2.73698, LR: 0.00001000, T: 0:00:01
[TRAIN_F3], E: 1/3, S: 0200/1622, L: 0.31370, LR: 0.00000959, T: 0:02:16
[TRAIN_F3], E: 1/3, S: 0400/1622, L: 0.25229, LR: 0.00000918, T: 0:04:22
[TRAIN_F3], E: 1/3, S: 0600/1622, L: 0.22035, LR: 0.00000877, T: 0:06:31
[TRAIN_F3], E: 1/3, S: 0800/1622, L: 0.20545, LR: 0.00000836, T: 0:08:43
[TRAIN_F3], E: 1/3, S: 1000/1622, L: 0.19527, LR: 0.00000794, T: 0:10:53
[TRAIN_F3], E: 1/3, S: 1200/1622, L: 0.18763, LR: 0.00000753, T: 0:12:59
[TRAIN_F3], E: 1/3, S: 1400/1622, L: 0.18211, LR: 0.00000712, T: 0:15:06
[TRAIN_F3], E: 1/3, S: 1600/1622, L: 0.17681, LR: 0.00000671, T: 0:17:14
[TRAIN_F3], E: 1/3, S: 1621/1622, L: 0.17676, LR: 0.00000667, T: 0:17:27

VALID_LOOP
[VALID_F3], E: 1/3, S: 000/541, L: 0.08879, T: 0:00:01
[VALID_F3], E: 1/3, S: 200/541, L: 0.18623, T: 0:01:27
[VALID_F3], E: 1/3, S: 400/541, L: 0.18779, T: 0:02:50
[VALID_F3], E: 1/3, S: 540/541, L: 0.18702, T: 0:03:51

-> [SAVED] Fold: 3, Epoch: 1, QWK: 0.7848066511483893

-- [Fold: 3, Epoch: 1] DONE --

TRAINL_LOOP
[TRAIN_F3], E: 2/3, S: 0000/1622, L: 0.10220, LR: 0.00000667, T: 0:00:01
[TRAIN_F3], E: 2/3, S: 0200/1622, L: 0.11960, LR: 0.00000626, T: 0:02:15
[TRAIN_F3], E: 2/3, S: 0400/1622, L: 0.11364, LR: 0.00000584, T: 0:04:23
[TRAIN_F3], E: 2/3, S: 0600/1622, L: 0.11874, LR: 0.00000543, T: 0:06:32
[TRAIN_F3], E: 2/3, S: 0800/1622, L: 0.11828, LR: 0.00000502, T: 0:08:36
[TRAIN_F3], E: 2/3, S: 1000/1622, L: 0.11663, LR: 0.00000461, T: 0:10:41
[TRAIN_F3], E: 2/3, S: 1200/1622, L: 0.11552, LR: 0.00000420, T: 0:12:47
[TRAIN_F3], E: 2/3, S: 1400/1622, L: 0.11460, LR: 0.00000379, T: 0:14:56
[TRAIN_F3], E: 2/3, S: 1600/1622, L: 0.11352, LR: 0.00000338, T: 0:17:16
[TRAIN_F3], E: 2/3, S: 1621/1622, L: 0.11367, LR: 0.00000334, T: 0:17:28

VALID_LOOP
[VALID_F3], E: 2/3, S: 000/541, L: 0.05406, T: 0:00:01
[VALID_F3], E: 2/3, S: 200/541, L: 0.12053, T: 0:01:27
[VALID_F3], E: 2/3, S: 400/541, L: 0.12113, T: 0:02:50
[VALID_F3], E: 2/3, S: 540/541, L: 0.12372, T: 0:03:51

-> [SAVED] Fold: 3, Epoch: 2, QWK: 0.8350870504078768

-- [Fold: 3, Epoch: 2] DONE --

TRAINL_LOOP
[TRAIN_F3], E: 3/3, S: 0000/1622, L: 0.05292, LR: 0.00000333, T: 0:00:01
[TRAIN_F3], E: 3/3, S: 0200/1622, L: 0.07964, LR: 0.00000292, T: 0:02:10
[TRAIN_F3], E: 3/3, S: 0400/1622, L: 0.07782, LR: 0.00000251, T: 0:04:24
[TRAIN_F3], E: 3/3, S: 0600/1622, L: 0.07746, LR: 0.00000210, T: 0:06:33
[TRAIN_F3], E: 3/3, S: 0800/1622, L: 0.07719, LR: 0.00000169, T: 0:08:44
[TRAIN_F3], E: 3/3, S: 1000/1622, L: 0.07628, LR: 0.00000128, T: 0:10:55
[TRAIN_F3], E: 3/3, S: 1200/1622, L: 0.07535, LR: 0.00000087, T: 0:13:00
[TRAIN_F3], E: 3/3, S: 1400/1622, L: 0.07514, LR: 0.00000046, T: 0:15:11
[TRAIN_F3], E: 3/3, S: 1600/1622, L: 0.07464, LR: 0.00000005, T: 0:17:14
[TRAIN_F3], E: 3/3, S: 1621/1622, L: 0.07467, LR: 0.00000000, T: 0:17:29

VALID_LOOP
[VALID_F3], E: 3/3, S: 000/541, L: 0.06543, T: 0:00:01
[VALID_F3], E: 3/3, S: 200/541, L: 0.12270, T: 0:01:27
[VALID_F3], E: 3/3, S: 400/541, L: 0.12191, T: 0:02:50
[VALID_F3], E: 3/3, S: 540/541, L: 0.12420, T: 0:03:51

-> [SAVED] Fold: 3, Epoch: 3, QWK: 0.8448725698909973

-- [Fold: 3, Epoch: 3] DONE --

